
AVRASM ver. 2.1.30  D:\1code\ATMELMega_C_Laser_security_system\Firmware-security-no-leds\Debug\List\firmware.asm Mon May 15 22:37:00 2023

                 
                 
                 ;CodeVisionAVR C Compiler V3.51 
                 ;(C) Copyright 1998-2023 Pavel Haiduc, HP InfoTech S.R.L.
                 ;http://www.hpinfotech.ro
                 
                 ;Build configuration    : Debug
                 ;Chip type              : ATmega164A
                 ;Program type           : Application
                 ;Clock frequency        : 20.000000 MHz
                 ;Memory model           : Small
                 ;Optimize for           : Size
                 ;(s)printf features     : int, width
                 ;(s)scanf features      : int, width
                 ;External RAM size      : 0
                 ;Data Stack size        : 256 byte(s)
                 ;Heap size              : 0 byte(s)
                 ;Promote 'char' to 'int': Yes
                 ;'char' is unsigned     : Yes
                 ;8 bit enums            : Yes
                 ;Global 'const' stored in FLASH: Yes
                 ;Enhanced function parameter passing: Mode 2
                 ;Enhanced core instructions: On
                 ;Automatic register allocation for global variables: On
                 ;Smart register allocation: On
                 
                 	#define _MODEL_SMALL_
                 
                 	#pragma AVRPART ADMIN PART_NAME ATmega164A
                 	#pragma AVRPART MEMORY PROG_FLASH 16384
                 	#pragma AVRPART MEMORY EEPROM 512
                 	#pragma AVRPART MEMORY INT_SRAM SIZE 1024
                 	#pragma AVRPART MEMORY INT_SRAM START_ADDR 0x100
                 
                 	#define CALL_SUPPORTED 1
                 
                 	.LISTMAC
                 	.EQU EERE=0x0
                 	.EQU EEWE=0x1
                 	.EQU EEMWE=0x2
                 	.EQU UDRE=0x5
                 	.EQU RXC=0x7
                 	.EQU EECR=0x1F
                 	.EQU EEDR=0x20
                 	.EQU EEARL=0x21
                 	.EQU EEARH=0x22
                 	.EQU SPSR=0x2D
                 	.EQU SPDR=0x2E
                 	.EQU SMCR=0x33
                 	.EQU MCUSR=0x34
                 	.EQU MCUCR=0x35
                 	.EQU WDTCSR=0x60
                 	.EQU UCSR0A=0xC0
                 	.EQU UDR0=0xC6
                 	.EQU SPMCSR=0x37
                 	.EQU SPL=0x3D
                 	.EQU SPH=0x3E
                 	.EQU SREG=0x3F
                 	.EQU GPIOR0=0x1E
                 
                 	.DEF R0X0=R0
                 	.DEF R0X1=R1
                 	.DEF R0X2=R2
                 	.DEF R0X3=R3
                 	.DEF R0X4=R4
                 	.DEF R0X5=R5
                 	.DEF R0X6=R6
                 	.DEF R0X7=R7
                 	.DEF R0X8=R8
                 	.DEF R0X9=R9
                 	.DEF R0XA=R10
                 	.DEF R0XB=R11
                 	.DEF R0XC=R12
                 	.DEF R0XD=R13
                 	.DEF R0XE=R14
                 	.DEF R0XF=R15
                 	.DEF R0X10=R16
                 	.DEF R0X11=R17
                 	.DEF R0X12=R18
                 	.DEF R0X13=R19
                 	.DEF R0X14=R20
                 	.DEF R0X15=R21
                 	.DEF R0X16=R22
                 	.DEF R0X17=R23
                 	.DEF R0X18=R24
                 	.DEF R0X19=R25
                 	.DEF R0X1A=R26
                 	.DEF R0X1B=R27
                 	.DEF R0X1C=R28
                 	.DEF R0X1D=R29
                 	.DEF R0X1E=R30
                 	.DEF R0X1F=R31
                 
                 	.EQU __SRAM_START=0x0100
                 	.EQU __SRAM_END=0x04FF
                 	.EQU __DSTACK_SIZE=0x0100
                 	.EQU __HEAP_SIZE=0x0000
                 	.EQU __CLEAR_SRAM_SIZE=__SRAM_END-__SRAM_START+1
                 
                 	.EQU __FLASH_PAGE_SIZE=0x40
                 	.EQU __EEPROM_PAGE_SIZE=0x04
                 
                 	.MACRO __CPD1N
                 	CPI  R30,LOW(@0)
                 	LDI  R26,HIGH(@0)
                 	CPC  R31,R26
                 	LDI  R26,BYTE3(@0)
                 	CPC  R22,R26
                 	LDI  R26,BYTE4(@0)
                 	CPC  R23,R26
                 	.ENDM
                 
                 	.MACRO __CPD2N
                 	CPI  R26,LOW(@0)
                 	LDI  R30,HIGH(@0)
                 	CPC  R27,R30
                 	LDI  R30,BYTE3(@0)
                 	CPC  R24,R30
                 	LDI  R30,BYTE4(@0)
                 	CPC  R25,R30
                 	.ENDM
                 
                 	.MACRO __CPWRR
                 	CP   R@0,R@2
                 	CPC  R@1,R@3
                 	.ENDM
                 
                 	.MACRO __CPWRN
                 	CPI  R@0,LOW(@2)
                 	LDI  R30,HIGH(@2)
                 	CPC  R@1,R30
                 	.ENDM
                 
                 	.MACRO __ADDB1MN
                 	SUBI R30,LOW(-@0-(@1))
                 	.ENDM
                 
                 	.MACRO __ADDB2MN
                 	SUBI R26,LOW(-@0-(@1))
                 	.ENDM
                 
                 	.MACRO __ADDW1MN
                 	SUBI R30,LOW(-@0-(@1))
                 	SBCI R31,HIGH(-@0-(@1))
                 	.ENDM
                 
                 	.MACRO __ADDW2MN
                 	SUBI R26,LOW(-@0-(@1))
                 	SBCI R27,HIGH(-@0-(@1))
                 	.ENDM
                 
                 	.MACRO __ADDW1FN
                 	SUBI R30,LOW(-2*@0-(@1))
                 	SBCI R31,HIGH(-2*@0-(@1))
                 	.ENDM
                 
                 	.MACRO __ADDD1FN
                 	SUBI R30,LOW(-2*@0-(@1))
                 	SBCI R31,HIGH(-2*@0-(@1))
                 	SBCI R22,BYTE3(-2*@0-(@1))
                 	.ENDM
                 
                 	.MACRO __ADDD1N
                 	SUBI R30,LOW(-@0)
                 	SBCI R31,HIGH(-@0)
                 	SBCI R22,BYTE3(-@0)
                 	SBCI R23,BYTE4(-@0)
                 	.ENDM
                 
                 	.MACRO __ADDD2N
                 	SUBI R26,LOW(-@0)
                 	SBCI R27,HIGH(-@0)
                 	SBCI R24,BYTE3(-@0)
                 	SBCI R25,BYTE4(-@0)
                 	.ENDM
                 
                 	.MACRO __SUBD1N
                 	SUBI R30,LOW(@0)
                 	SBCI R31,HIGH(@0)
                 	SBCI R22,BYTE3(@0)
                 	SBCI R23,BYTE4(@0)
                 	.ENDM
                 
                 	.MACRO __SUBD2N
                 	SUBI R26,LOW(@0)
                 	SBCI R27,HIGH(@0)
                 	SBCI R24,BYTE3(@0)
                 	SBCI R25,BYTE4(@0)
                 	.ENDM
                 
                 	.MACRO __ANDBMNN
                 	LDS  R30,@0+(@1)
                 	ANDI R30,LOW(@2)
                 	STS  @0+(@1),R30
                 	.ENDM
                 
                 	.MACRO __ANDWMNN
                 	LDS  R30,@0+(@1)
                 	ANDI R30,LOW(@2)
                 	STS  @0+(@1),R30
                 	LDS  R30,@0+(@1)+1
                 	ANDI R30,HIGH(@2)
                 	STS  @0+(@1)+1,R30
                 	.ENDM
                 
                 	.MACRO __ANDD1N
                 	ANDI R30,LOW(@0)
                 	ANDI R31,HIGH(@0)
                 	ANDI R22,BYTE3(@0)
                 	ANDI R23,BYTE4(@0)
                 	.ENDM
                 
                 	.MACRO __ANDD2N
                 	ANDI R26,LOW(@0)
                 	ANDI R27,HIGH(@0)
                 	ANDI R24,BYTE3(@0)
                 	ANDI R25,BYTE4(@0)
                 	.ENDM
                 
                 	.MACRO __ORBMNN
                 	LDS  R30,@0+(@1)
                 	ORI  R30,LOW(@2)
                 	STS  @0+(@1),R30
                 	.ENDM
                 
                 	.MACRO __ORWMNN
                 	LDS  R30,@0+(@1)
                 	ORI  R30,LOW(@2)
                 	STS  @0+(@1),R30
                 	LDS  R30,@0+(@1)+1
                 	ORI  R30,HIGH(@2)
                 	STS  @0+(@1)+1,R30
                 	.ENDM
                 
                 	.MACRO __ORD1N
                 	ORI  R30,LOW(@0)
                 	ORI  R31,HIGH(@0)
                 	ORI  R22,BYTE3(@0)
                 	ORI  R23,BYTE4(@0)
                 	.ENDM
                 
                 	.MACRO __ORD2N
                 	ORI  R26,LOW(@0)
                 	ORI  R27,HIGH(@0)
                 	ORI  R24,BYTE3(@0)
                 	ORI  R25,BYTE4(@0)
                 	.ENDM
                 
                 	.MACRO __DELAY_USB
                 	LDI  R24,LOW(@0)
                 __DELAY_USB_LOOP:
                 	DEC  R24
                 	BRNE __DELAY_USB_LOOP
                 	.ENDM
                 
                 	.MACRO __DELAY_USW
                 	LDI  R24,LOW(@0)
                 	LDI  R25,HIGH(@0)
                 __DELAY_USW_LOOP:
                 	SBIW R24,1
                 	BRNE __DELAY_USW_LOOP
                 	.ENDM
                 
                 	.MACRO __GETW1P
                 	LD   R30,X+
                 	LD   R31,X
                 	SBIW R26,1
                 	.ENDM
                 
                 	.MACRO __GETD1S
                 	LDD  R30,Y+@0
                 	LDD  R31,Y+@0+1
                 	LDD  R22,Y+@0+2
                 	LDD  R23,Y+@0+3
                 	.ENDM
                 
                 	.MACRO __GETD2S
                 	LDD  R26,Y+@0
                 	LDD  R27,Y+@0+1
                 	LDD  R24,Y+@0+2
                 	LDD  R25,Y+@0+3
                 	.ENDM
                 
                 	.MACRO __GETD1P_INC
                 	LD   R30,X+
                 	LD   R31,X+
                 	LD   R22,X+
                 	LD   R23,X+
                 	.ENDM
                 
                 	.MACRO __GETD1P_DEC
                 	LD   R23,-X
                 	LD   R22,-X
                 	LD   R31,-X
                 	LD   R30,-X
                 	.ENDM
                 
                 	.MACRO __PUTDP1
                 	ST   X+,R30
                 	ST   X+,R31
                 	ST   X+,R22
                 	ST   X,R23
                 	.ENDM
                 
                 	.MACRO __PUTDP1_DEC
                 	ST   -X,R23
                 	ST   -X,R22
                 	ST   -X,R31
                 	ST   -X,R30
                 	.ENDM
                 
                 	.MACRO __PUTD1S
                 	STD  Y+@0,R30
                 	STD  Y+@0+1,R31
                 	STD  Y+@0+2,R22
                 	STD  Y+@0+3,R23
                 	.ENDM
                 
                 	.MACRO __PUTD2S
                 	STD  Y+@0,R26
                 	STD  Y+@0+1,R27
                 	STD  Y+@0+2,R24
                 	STD  Y+@0+3,R25
                 	.ENDM
                 
                 	.MACRO __PUTDZ2
                 	STD  Z+@0,R26
                 	STD  Z+@0+1,R27
                 	STD  Z+@0+2,R24
                 	STD  Z+@0+3,R25
                 	.ENDM
                 
                 	.MACRO __CLRD1S
                 	STD  Y+@0,R30
                 	STD  Y+@0+1,R30
                 	STD  Y+@0+2,R30
                 	STD  Y+@0+3,R30
                 	.ENDM
                 
                 	.MACRO __CPD10
                 	SBIW R30,0
                 	SBCI R22,0
                 	SBCI R23,0
                 	.ENDM
                 
                 	.MACRO __CPD20
                 	SBIW R26,0
                 	SBCI R24,0
                 	SBCI R25,0
                 	.ENDM
                 
                 	.MACRO __ADDD12
                 	ADD  R30,R26
                 	ADC  R31,R27
                 	ADC  R22,R24
                 	ADC  R23,R25
                 	.ENDM
                 
                 	.MACRO __ADDD21
                 	ADD  R26,R30
                 	ADC  R27,R31
                 	ADC  R24,R22
                 	ADC  R25,R23
                 	.ENDM
                 
                 	.MACRO __SUBD12
                 	SUB  R30,R26
                 	SBC  R31,R27
                 	SBC  R22,R24
                 	SBC  R23,R25
                 	.ENDM
                 
                 	.MACRO __SUBD21
                 	SUB  R26,R30
                 	SBC  R27,R31
                 	SBC  R24,R22
                 	SBC  R25,R23
                 	.ENDM
                 
                 	.MACRO __ANDD12
                 	AND  R30,R26
                 	AND  R31,R27
                 	AND  R22,R24
                 	AND  R23,R25
                 	.ENDM
                 
                 	.MACRO __ORD12
                 	OR   R30,R26
                 	OR   R31,R27
                 	OR   R22,R24
                 	OR   R23,R25
                 	.ENDM
                 
                 	.MACRO __XORD12
                 	EOR  R30,R26
                 	EOR  R31,R27
                 	EOR  R22,R24
                 	EOR  R23,R25
                 	.ENDM
                 
                 	.MACRO __XORD21
                 	EOR  R26,R30
                 	EOR  R27,R31
                 	EOR  R24,R22
                 	EOR  R25,R23
                 	.ENDM
                 
                 	.MACRO __COMD1
                 	COM  R30
                 	COM  R31
                 	COM  R22
                 	COM  R23
                 	.ENDM
                 
                 	.MACRO __MULD2_2
                 	LSL  R26
                 	ROL  R27
                 	ROL  R24
                 	ROL  R25
                 	.ENDM
                 
                 	.MACRO __LSRD1
                 	LSR  R23
                 	ROR  R22
                 	ROR  R31
                 	ROR  R30
                 	.ENDM
                 
                 	.MACRO __LSLD1
                 	LSL  R30
                 	ROL  R31
                 	ROL  R22
                 	ROL  R23
                 	.ENDM
                 
                 	.MACRO __ASRB4
                 	ASR  R30
                 	ASR  R30
                 	ASR  R30
                 	ASR  R30
                 	.ENDM
                 
                 	.MACRO __ASRW8
                 	MOV  R30,R31
                 	CLR  R31
                 	SBRC R30,7
                 	SER  R31
                 	.ENDM
                 
                 	.MACRO __LSRD16
                 	MOV  R30,R22
                 	MOV  R31,R23
                 	LDI  R22,0
                 	LDI  R23,0
                 	.ENDM
                 
                 	.MACRO __LSLD16
                 	MOV  R22,R30
                 	MOV  R23,R31
                 	LDI  R30,0
                 	LDI  R31,0
                 	.ENDM
                 
                 	.MACRO __CWD1
                 	MOV  R22,R31
                 	ADD  R22,R22
                 	SBC  R22,R22
                 	MOV  R23,R22
                 	.ENDM
                 
                 	.MACRO __CWD2
                 	MOV  R24,R27
                 	ADD  R24,R24
                 	SBC  R24,R24
                 	MOV  R25,R24
                 	.ENDM
                 
                 	.MACRO __SETMSD1
                 	SER  R31
                 	SER  R22
                 	SER  R23
                 	.ENDM
                 
                 	.MACRO __ADDW1R15
                 	CLR  R0
                 	ADD  R30,R15
                 	ADC  R31,R0
                 	.ENDM
                 
                 	.MACRO __ADDW2R15
                 	CLR  R0
                 	ADD  R26,R15
                 	ADC  R27,R0
                 	.ENDM
                 
                 	.MACRO __EQB12
                 	CP   R30,R26
                 	LDI  R30,1
                 	BREQ PC+2
                 	CLR  R30
                 	.ENDM
                 
                 	.MACRO __NEB12
                 	CP   R30,R26
                 	LDI  R30,1
                 	BRNE PC+2
                 	CLR  R30
                 	.ENDM
                 
                 	.MACRO __LEB12
                 	CP   R30,R26
                 	LDI  R30,1
                 	BRGE PC+2
                 	CLR  R30
                 	.ENDM
                 
                 	.MACRO __GEB12
                 	CP   R26,R30
                 	LDI  R30,1
                 	BRGE PC+2
                 	CLR  R30
                 	.ENDM
                 
                 	.MACRO __LTB12
                 	CP   R26,R30
                 	LDI  R30,1
                 	BRLT PC+2
                 	CLR  R30
                 	.ENDM
                 
                 	.MACRO __GTB12
                 	CP   R30,R26
                 	LDI  R30,1
                 	BRLT PC+2
                 	CLR  R30
                 	.ENDM
                 
                 	.MACRO __LEB12U
                 	CP   R30,R26
                 	LDI  R30,1
                 	BRSH PC+2
                 	CLR  R30
                 	.ENDM
                 
                 	.MACRO __GEB12U
                 	CP   R26,R30
                 	LDI  R30,1
                 	BRSH PC+2
                 	CLR  R30
                 	.ENDM
                 
                 	.MACRO __LTB12U
                 	CP   R26,R30
                 	LDI  R30,1
                 	BRLO PC+2
                 	CLR  R30
                 	.ENDM
                 
                 	.MACRO __GTB12U
                 	CP   R30,R26
                 	LDI  R30,1
                 	BRLO PC+2
                 	CLR  R30
                 	.ENDM
                 
                 	.MACRO __CPW01
                 	CLR  R0
                 	CP   R0,R30
                 	CPC  R0,R31
                 	.ENDM
                 
                 	.MACRO __CPW02
                 	CLR  R0
                 	CP   R0,R26
                 	CPC  R0,R27
                 	.ENDM
                 
                 	.MACRO __CPD12
                 	CP   R30,R26
                 	CPC  R31,R27
                 	CPC  R22,R24
                 	CPC  R23,R25
                 	.ENDM
                 
                 	.MACRO __CPD21
                 	CP   R26,R30
                 	CPC  R27,R31
                 	CPC  R24,R22
                 	CPC  R25,R23
                 	.ENDM
                 
                 	.MACRO __BSTB1
                 	CLT
                 	TST  R30
                 	BREQ PC+2
                 	SET
                 	.ENDM
                 
                 	.MACRO __LNEGB1
                 	TST  R30
                 	LDI  R30,1
                 	BREQ PC+2
                 	CLR  R30
                 	.ENDM
                 
                 	.MACRO __LNEGW1
                 	OR   R30,R31
                 	LDI  R30,1
                 	BREQ PC+2
                 	LDI  R30,0
                 	.ENDM
                 
                 	.MACRO __POINTB1MN
                 	LDI  R30,LOW(@0+(@1))
                 	.ENDM
                 
                 	.MACRO __POINTW1MN
                 	LDI  R30,LOW(@0+(@1))
                 	LDI  R31,HIGH(@0+(@1))
                 	.ENDM
                 
                 	.MACRO __POINTD1M
                 	LDI  R30,LOW(@0)
                 	LDI  R31,HIGH(@0)
                 	LDI  R22,BYTE3(@0)
                 	LDI  R23,BYTE4(@0)
                 	.ENDM
                 
                 	.MACRO __POINTW1FN
                 	LDI  R30,LOW(2*@0+(@1))
                 	LDI  R31,HIGH(2*@0+(@1))
                 	.ENDM
                 
                 	.MACRO __POINTD1FN
                 	LDI  R30,LOW(2*@0+(@1))
                 	LDI  R31,HIGH(2*@0+(@1))
                 	LDI  R22,BYTE3(2*@0+(@1))
                 	LDI  R23,BYTE4(2*@0+(@1))
                 	.ENDM
                 
                 	.MACRO __POINTB2MN
                 	LDI  R26,LOW(@0+(@1))
                 	.ENDM
                 
                 	.MACRO __POINTW2MN
                 	LDI  R26,LOW(@0+(@1))
                 	LDI  R27,HIGH(@0+(@1))
                 	.ENDM
                 
                 	.MACRO __POINTD2M
                 	LDI  R26,LOW(@0)
                 	LDI  R27,HIGH(@0)
                 	LDI  R24,BYTE3(@0)
                 	LDI  R25,BYTE4(@0)
                 	.ENDM
                 
                 	.MACRO __POINTW2FN
                 	LDI  R26,LOW(2*@0+(@1))
                 	LDI  R27,HIGH(2*@0+(@1))
                 	.ENDM
                 
                 	.MACRO __POINTD2FN
                 	LDI  R26,LOW(2*@0+(@1))
                 	LDI  R27,HIGH(2*@0+(@1))
                 	LDI  R24,BYTE3(2*@0+(@1))
                 	LDI  R25,BYTE4(2*@0+(@1))
                 	.ENDM
                 
                 	.MACRO __POINTBRM
                 	LDI  R@0,LOW(@1)
                 	.ENDM
                 
                 	.MACRO __POINTWRM
                 	LDI  R@0,LOW(@2)
                 	LDI  R@1,HIGH(@2)
                 	.ENDM
                 
                 	.MACRO __POINTBRMN
                 	LDI  R@0,LOW(@1+(@2))
                 	.ENDM
                 
                 	.MACRO __POINTWRMN
                 	LDI  R@0,LOW(@2+(@3))
                 	LDI  R@1,HIGH(@2+(@3))
                 	.ENDM
                 
                 	.MACRO __POINTWRFN
                 	LDI  R@0,LOW(@2*2+(@3))
                 	LDI  R@1,HIGH(@2*2+(@3))
                 	.ENDM
                 
                 	.MACRO __GETD1N
                 	LDI  R30,LOW(@0)
                 	LDI  R31,HIGH(@0)
                 	LDI  R22,BYTE3(@0)
                 	LDI  R23,BYTE4(@0)
                 	.ENDM
                 
                 	.MACRO __GETD2N
                 	LDI  R26,LOW(@0)
                 	LDI  R27,HIGH(@0)
                 	LDI  R24,BYTE3(@0)
                 	LDI  R25,BYTE4(@0)
                 	.ENDM
                 
                 	.MACRO __GETB1MN
                 	LDS  R30,@0+(@1)
                 	.ENDM
                 
                 	.MACRO __GETB1HMN
                 	LDS  R31,@0+(@1)
                 	.ENDM
                 
                 	.MACRO __GETW1MN
                 	LDS  R30,@0+(@1)
                 	LDS  R31,@0+(@1)+1
                 	.ENDM
                 
                 	.MACRO __GETD1MN
                 	LDS  R30,@0+(@1)
                 	LDS  R31,@0+(@1)+1
                 	LDS  R22,@0+(@1)+2
                 	LDS  R23,@0+(@1)+3
                 	.ENDM
                 
                 	.MACRO __GETBRMN
                 	LDS  R@0,@1+(@2)
                 	.ENDM
                 
                 	.MACRO __GETWRMN
                 	LDS  R@0,@2+(@3)
                 	LDS  R@1,@2+(@3)+1
                 	.ENDM
                 
                 	.MACRO __GETWRZ
                 	LDD  R@0,Z+@2
                 	LDD  R@1,Z+@2+1
                 	.ENDM
                 
                 	.MACRO __GETD2Z
                 	LDD  R26,Z+@0
                 	LDD  R27,Z+@0+1
                 	LDD  R24,Z+@0+2
                 	LDD  R25,Z+@0+3
                 	.ENDM
                 
                 	.MACRO __GETB2MN
                 	LDS  R26,@0+(@1)
                 	.ENDM
                 
                 	.MACRO __GETW2MN
                 	LDS  R26,@0+(@1)
                 	LDS  R27,@0+(@1)+1
                 	.ENDM
                 
                 	.MACRO __GETD2MN
                 	LDS  R26,@0+(@1)
                 	LDS  R27,@0+(@1)+1
                 	LDS  R24,@0+(@1)+2
                 	LDS  R25,@0+(@1)+3
                 	.ENDM
                 
                 	.MACRO __PUTB1MN
                 	STS  @0+(@1),R30
                 	.ENDM
                 
                 	.MACRO __PUTW1MN
                 	STS  @0+(@1),R30
                 	STS  @0+(@1)+1,R31
                 	.ENDM
                 
                 	.MACRO __PUTD1MN
                 	STS  @0+(@1),R30
                 	STS  @0+(@1)+1,R31
                 	STS  @0+(@1)+2,R22
                 	STS  @0+(@1)+3,R23
                 	.ENDM
                 
                 	.MACRO __PUTB1EN
                 	LDI  R26,LOW(@0+(@1))
                 	LDI  R27,HIGH(@0+(@1))
                 	CALL __EEPROMWRB
                 	.ENDM
                 
                 	.MACRO __PUTW1EN
                 	LDI  R26,LOW(@0+(@1))
                 	LDI  R27,HIGH(@0+(@1))
                 	CALL __EEPROMWRW
                 	.ENDM
                 
                 	.MACRO __PUTD1EN
                 	LDI  R26,LOW(@0+(@1))
                 	LDI  R27,HIGH(@0+(@1))
                 	CALL __EEPROMWRD
                 	.ENDM
                 
                 	.MACRO __PUTBR0MN
                 	STS  @0+(@1),R0
                 	.ENDM
                 
                 	.MACRO __PUTBMRN
                 	STS  @0+(@1),R@2
                 	.ENDM
                 
                 	.MACRO __PUTWMRN
                 	STS  @0+(@1),R@2
                 	STS  @0+(@1)+1,R@3
                 	.ENDM
                 
                 	.MACRO __PUTBZR
                 	STD  Z+@1,R@0
                 	.ENDM
                 
                 	.MACRO __PUTWZR
                 	STD  Z+@2,R@0
                 	STD  Z+@2+1,R@1
                 	.ENDM
                 
                 	.MACRO __GETW1R
                 	MOV  R30,R@0
                 	MOV  R31,R@1
                 	.ENDM
                 
                 	.MACRO __GETW2R
                 	MOV  R26,R@0
                 	MOV  R27,R@1
                 	.ENDM
                 
                 	.MACRO __GETWRN
                 	LDI  R@0,LOW(@2)
                 	LDI  R@1,HIGH(@2)
                 	.ENDM
                 
                 	.MACRO __PUTW1R
                 	MOV  R@0,R30
                 	MOV  R@1,R31
                 	.ENDM
                 
                 	.MACRO __PUTW2R
                 	MOV  R@0,R26
                 	MOV  R@1,R27
                 	.ENDM
                 
                 	.MACRO __ADDWRN
                 	SUBI R@0,LOW(-@2)
                 	SBCI R@1,HIGH(-@2)
                 	.ENDM
                 
                 	.MACRO __ADDWRR
                 	ADD  R@0,R@2
                 	ADC  R@1,R@3
                 	.ENDM
                 
                 	.MACRO __SUBWRN
                 	SUBI R@0,LOW(@2)
                 	SBCI R@1,HIGH(@2)
                 	.ENDM
                 
                 	.MACRO __SUBWRR
                 	SUB  R@0,R@2
                 	SBC  R@1,R@3
                 	.ENDM
                 
                 	.MACRO __ANDWRN
                 	ANDI R@0,LOW(@2)
                 	ANDI R@1,HIGH(@2)
                 	.ENDM
                 
                 	.MACRO __ANDWRR
                 	AND  R@0,R@2
                 	AND  R@1,R@3
                 	.ENDM
                 
                 	.MACRO __ORWRN
                 	ORI  R@0,LOW(@2)
                 	ORI  R@1,HIGH(@2)
                 	.ENDM
                 
                 	.MACRO __ORWRR
                 	OR   R@0,R@2
                 	OR   R@1,R@3
                 	.ENDM
                 
                 	.MACRO __EORWRR
                 	EOR  R@0,R@2
                 	EOR  R@1,R@3
                 	.ENDM
                 
                 	.MACRO __GETWRS
                 	LDD  R@0,Y+@2
                 	LDD  R@1,Y+@2+1
                 	.ENDM
                 
                 	.MACRO __PUTBSR
                 	STD  Y+@1,R@0
                 	.ENDM
                 
                 	.MACRO __PUTWSR
                 	STD  Y+@2,R@0
                 	STD  Y+@2+1,R@1
                 	.ENDM
                 
                 	.MACRO __MOVEWRR
                 	MOV  R@0,R@2
                 	MOV  R@1,R@3
                 	.ENDM
                 
                 	.MACRO __INWR
                 	IN   R@0,@2
                 	IN   R@1,@2+1
                 	.ENDM
                 
                 	.MACRO __OUTWR
                 	OUT  @2+1,R@1
                 	OUT  @2,R@0
                 	.ENDM
                 
                 	.MACRO __CALL1MN
                 	LDS  R30,@0+(@1)
                 	LDS  R31,@0+(@1)+1
                 	ICALL
                 	.ENDM
                 
                 	.MACRO __CALL1FN
                 	LDI  R30,LOW(2*@0+(@1))
                 	LDI  R31,HIGH(2*@0+(@1))
                 	CALL __GETW1PF
                 	ICALL
                 	.ENDM
                 
                 	.MACRO __CALL2EN
                 	PUSH R26
                 	PUSH R27
                 	LDI  R26,LOW(@0+(@1))
                 	LDI  R27,HIGH(@0+(@1))
                 	CALL __EEPROMRDW
                 	POP  R27
                 	POP  R26
                 	ICALL
                 	.ENDM
                 
                 	.MACRO __CALL2EX
                 	SUBI R26,LOW(-@0)
                 	SBCI R27,HIGH(-@0)
                 	CALL __EEPROMRDD
                 	ICALL
                 	.ENDM
                 
                 	.MACRO __GETW1STACK
                 	IN   R30,SPL
                 	IN   R31,SPH
                 	ADIW R30,@0+1
                 	LD   R0,Z+
                 	LD   R31,Z
                 	MOV  R30,R0
                 	.ENDM
                 
                 	.MACRO __GETD1STACK
                 	IN   R30,SPL
                 	IN   R31,SPH
                 	ADIW R30,@0+1
                 	LD   R0,Z+
                 	LD   R1,Z+
                 	LD   R22,Z
                 	MOVW R30,R0
                 	.ENDM
                 
                 	.MACRO __NBST
                 	BST  R@0,@1
                 	IN   R30,SREG
                 	LDI  R31,0x40
                 	EOR  R30,R31
                 	OUT  SREG,R30
                 	.ENDM
                 
                 
                 	.MACRO __PUTB1SN
                 	LDD  R26,Y+@0
                 	LDD  R27,Y+@0+1
                 	SUBI R26,LOW(-@1)
                 	SBCI R27,HIGH(-@1)
                 	ST   X,R30
                 	.ENDM
                 
                 	.MACRO __PUTW1SN
                 	LDD  R26,Y+@0
                 	LDD  R27,Y+@0+1
                 	SUBI R26,LOW(-@1)
                 	SBCI R27,HIGH(-@1)
                 	ST   X+,R30
                 	ST   X,R31
                 	.ENDM
                 
                 	.MACRO __PUTD1SN
                 	LDD  R26,Y+@0
                 	LDD  R27,Y+@0+1
                 	SUBI R26,LOW(-@1)
                 	SBCI R27,HIGH(-@1)
                 	ST   X+,R30
                 	ST   X+,R31
                 	ST   X+,R22
                 	ST   X,R23
                 	.ENDM
                 
                 	.MACRO __PUTB1SNS
                 	LDD  R26,Y+@0
                 	LDD  R27,Y+@0+1
                 	ADIW R26,@1
                 	ST   X,R30
                 	.ENDM
                 
                 	.MACRO __PUTW1SNS
                 	LDD  R26,Y+@0
                 	LDD  R27,Y+@0+1
                 	ADIW R26,@1
                 	ST   X+,R30
                 	ST   X,R31
                 	.ENDM
                 
                 	.MACRO __PUTD1SNS
                 	LDD  R26,Y+@0
                 	LDD  R27,Y+@0+1
                 	ADIW R26,@1
                 	ST   X+,R30
                 	ST   X+,R31
                 	ST   X+,R22
                 	ST   X,R23
                 	.ENDM
                 
                 	.MACRO __PUTB1PMN
                 	LDS  R26,@0
                 	LDS  R27,@0+1
                 	SUBI R26,LOW(-@1)
                 	SBCI R27,HIGH(-@1)
                 	ST   X,R30
                 	.ENDM
                 
                 	.MACRO __PUTW1PMN
                 	LDS  R26,@0
                 	LDS  R27,@0+1
                 	SUBI R26,LOW(-@1)
                 	SBCI R27,HIGH(-@1)
                 	ST   X+,R30
                 	ST   X,R31
                 	.ENDM
                 
                 	.MACRO __PUTD1PMN
                 	LDS  R26,@0
                 	LDS  R27,@0+1
                 	SUBI R26,LOW(-@1)
                 	SBCI R27,HIGH(-@1)
                 	ST   X+,R30
                 	ST   X+,R31
                 	ST   X+,R22
                 	ST   X,R23
                 	.ENDM
                 
                 	.MACRO __PUTB1PMNS
                 	LDS  R26,@0
                 	LDS  R27,@0+1
                 	ADIW R26,@1
                 	ST   X,R30
                 	.ENDM
                 
                 	.MACRO __PUTW1PMNS
                 	LDS  R26,@0
                 	LDS  R27,@0+1
                 	ADIW R26,@1
                 	ST   X+,R30
                 	ST   X,R31
                 	.ENDM
                 
                 	.MACRO __PUTD1PMNS
                 	LDS  R26,@0
                 	LDS  R27,@0+1
                 	ADIW R26,@1
                 	ST   X+,R30
                 	ST   X+,R31
                 	ST   X+,R22
                 	ST   X,R23
                 	.ENDM
                 
                 	.MACRO __PUTB1RN
                 	MOVW R26,R@0
                 	SUBI R26,LOW(-@1)
                 	SBCI R27,HIGH(-@1)
                 	ST   X,R30
                 	.ENDM
                 
                 	.MACRO __PUTW1RN
                 	MOVW R26,R@0
                 	SUBI R26,LOW(-@1)
                 	SBCI R27,HIGH(-@1)
                 	ST   X+,R30
                 	ST   X,R31
                 	.ENDM
                 
                 	.MACRO __PUTD1RN
                 	MOVW R26,R@0
                 	SUBI R26,LOW(-@1)
                 	SBCI R27,HIGH(-@1)
                 	ST   X+,R30
                 	ST   X+,R31
                 	ST   X+,R22
                 	ST   X,R23
                 	.ENDM
                 
                 	.MACRO __PUTB1RNS
                 	MOVW R26,R@0
                 	ADIW R26,@1
                 	ST   X,R30
                 	.ENDM
                 
                 	.MACRO __PUTW1RNS
                 	MOVW R26,R@0
                 	ADIW R26,@1
                 	ST   X+,R30
                 	ST   X,R31
                 	.ENDM
                 
                 	.MACRO __PUTD1RNS
                 	MOVW R26,R@0
                 	ADIW R26,@1
                 	ST   X+,R30
                 	ST   X+,R31
                 	ST   X+,R22
                 	ST   X,R23
                 	.ENDM
                 
                 	.MACRO __PUTB1RON
                 	MOV  R26,R@0
                 	MOV  R27,R@1
                 	SUBI R26,LOW(-@2)
                 	SBCI R27,HIGH(-@2)
                 	ST   X,R30
                 	.ENDM
                 
                 	.MACRO __PUTW1RON
                 	MOV  R26,R@0
                 	MOV  R27,R@1
                 	SUBI R26,LOW(-@2)
                 	SBCI R27,HIGH(-@2)
                 	ST   X+,R30
                 	ST   X,R31
                 	.ENDM
                 
                 	.MACRO __PUTD1RON
                 	MOV  R26,R@0
                 	MOV  R27,R@1
                 	SUBI R26,LOW(-@2)
                 	SBCI R27,HIGH(-@2)
                 	ST   X+,R30
                 	ST   X+,R31
                 	ST   X+,R22
                 	ST   X,R23
                 	.ENDM
                 
                 	.MACRO __PUTB1RONS
                 	MOV  R26,R@0
                 	MOV  R27,R@1
                 	ADIW R26,@2
                 	ST   X,R30
                 	.ENDM
                 
                 	.MACRO __PUTW1RONS
                 	MOV  R26,R@0
                 	MOV  R27,R@1
                 	ADIW R26,@2
                 	ST   X+,R30
                 	ST   X,R31
                 	.ENDM
                 
                 	.MACRO __PUTD1RONS
                 	MOV  R26,R@0
                 	MOV  R27,R@1
                 	ADIW R26,@2
                 	ST   X+,R30
                 	ST   X+,R31
                 	ST   X+,R22
                 	ST   X,R23
                 	.ENDM
                 
                 
                 	.MACRO __GETB1SX
                 	MOVW R30,R28
                 	SUBI R30,LOW(-@0)
                 	SBCI R31,HIGH(-@0)
                 	LD   R30,Z
                 	.ENDM
                 
                 	.MACRO __GETB1HSX
                 	MOVW R30,R28
                 	SUBI R30,LOW(-@0)
                 	SBCI R31,HIGH(-@0)
                 	LD   R31,Z
                 	.ENDM
                 
                 	.MACRO __GETW1SX
                 	MOVW R30,R28
                 	SUBI R30,LOW(-@0)
                 	SBCI R31,HIGH(-@0)
                 	CALL __GETW1Z
                 	.ENDM
                 
                 	.MACRO __GETD1SX
                 	MOVW R30,R28
                 	SUBI R30,LOW(-@0)
                 	SBCI R31,HIGH(-@0)
                 	CALL __GETD1Z
                 	.ENDM
                 
                 	.MACRO __GETB2SX
                 	MOVW R26,R28
                 	SUBI R26,LOW(-@0)
                 	SBCI R27,HIGH(-@0)
                 	LD   R26,X
                 	.ENDM
                 
                 	.MACRO __GETW2SX
                 	MOVW R26,R28
                 	SUBI R26,LOW(-@0)
                 	SBCI R27,HIGH(-@0)
                 	CALL __GETW2X
                 	.ENDM
                 
                 	.MACRO __GETD2SX
                 	MOVW R26,R28
                 	SUBI R26,LOW(-@0)
                 	SBCI R27,HIGH(-@0)
                 	CALL __GETD2X
                 	.ENDM
                 
                 	.MACRO __GETBRSX
                 	MOVW R30,R28
                 	SUBI R30,LOW(-@1)
                 	SBCI R31,HIGH(-@1)
                 	LD   R@0,Z
                 	.ENDM
                 
                 	.MACRO __GETWRSX
                 	MOVW R30,R28
                 	SUBI R30,LOW(-@2)
                 	SBCI R31,HIGH(-@2)
                 	LD   R@0,Z+
                 	LD   R@1,Z
                 	.ENDM
                 
                 	.MACRO __GETBRSX2
                 	MOVW R26,R28
                 	SUBI R26,LOW(-@1)
                 	SBCI R27,HIGH(-@1)
                 	LD   R@0,X
                 	.ENDM
                 
                 	.MACRO __GETWRSX2
                 	MOVW R26,R28
                 	SUBI R26,LOW(-@2)
                 	SBCI R27,HIGH(-@2)
                 	LD   R@0,X+
                 	LD   R@1,X
                 	.ENDM
                 
                 	.MACRO __LSLW8SX
                 	MOVW R30,R28
                 	SUBI R30,LOW(-@0)
                 	SBCI R31,HIGH(-@0)
                 	LD   R31,Z
                 	CLR  R30
                 	.ENDM
                 
                 	.MACRO __PUTB1SX
                 	MOVW R26,R28
                 	SUBI R26,LOW(-@0)
                 	SBCI R27,HIGH(-@0)
                 	ST   X,R30
                 	.ENDM
                 
                 	.MACRO __PUTW1SX
                 	MOVW R26,R28
                 	SUBI R26,LOW(-@0)
                 	SBCI R27,HIGH(-@0)
                 	ST   X+,R30
                 	ST   X,R31
                 	.ENDM
                 
                 	.MACRO __PUTD1SX
                 	MOVW R26,R28
                 	SUBI R26,LOW(-@0)
                 	SBCI R27,HIGH(-@0)
                 	ST   X+,R30
                 	ST   X+,R31
                 	ST   X+,R22
                 	ST   X,R23
                 	.ENDM
                 
                 	.MACRO __CLRW1SX
                 	MOVW R26,R28
                 	SUBI R26,LOW(-@0)
                 	SBCI R27,HIGH(-@0)
                 	ST   X+,R30
                 	ST   X,R30
                 	.ENDM
                 
                 	.MACRO __CLRD1SX
                 	MOVW R26,R28
                 	SUBI R26,LOW(-@0)
                 	SBCI R27,HIGH(-@0)
                 	ST   X+,R30
                 	ST   X+,R30
                 	ST   X+,R30
                 	ST   X,R30
                 	.ENDM
                 
                 	.MACRO __PUTB2SX
                 	MOVW R30,R28
                 	SUBI R30,LOW(-@0)
                 	SBCI R31,HIGH(-@0)
                 	ST   Z,R26
                 	.ENDM
                 
                 	.MACRO __PUTW2SX
                 	MOVW R30,R28
                 	SUBI R30,LOW(-@0)
                 	SBCI R31,HIGH(-@0)
                 	ST   Z+,R26
                 	ST   Z,R27
                 	.ENDM
                 
                 	.MACRO __PUTD2SX
                 	MOVW R30,R28
                 	SUBI R30,LOW(-@0)
                 	SBCI R31,HIGH(-@0)
                 	ST   Z+,R26
                 	ST   Z+,R27
                 	ST   Z+,R24
                 	ST   Z,R25
                 	.ENDM
                 
                 	.MACRO __PUTBSRX
                 	MOVW R30,R28
                 	SUBI R30,LOW(-@1)
                 	SBCI R31,HIGH(-@1)
                 	ST   Z,R@0
                 	.ENDM
                 
                 	.MACRO __PUTWSRX
                 	MOVW R30,R28
                 	SUBI R30,LOW(-@2)
                 	SBCI R31,HIGH(-@2)
                 	ST   Z+,R@0
                 	ST   Z,R@1
                 	.ENDM
                 
                 	.MACRO __PUTB1SNX
                 	MOVW R26,R28
                 	SUBI R26,LOW(-@0)
                 	SBCI R27,HIGH(-@0)
                 	LD   R0,X+
                 	LD   R27,X
                 	MOV  R26,R0
                 	SUBI R26,LOW(-@1)
                 	SBCI R27,HIGH(-@1)
                 	ST   X,R30
                 	.ENDM
                 
                 	.MACRO __PUTW1SNX
                 	MOVW R26,R28
                 	SUBI R26,LOW(-@0)
                 	SBCI R27,HIGH(-@0)
                 	LD   R0,X+
                 	LD   R27,X
                 	MOV  R26,R0
                 	SUBI R26,LOW(-@1)
                 	SBCI R27,HIGH(-@1)
                 	ST   X+,R30
                 	ST   X,R31
                 	.ENDM
                 
                 	.MACRO __PUTD1SNX
                 	MOVW R26,R28
                 	SUBI R26,LOW(-@0)
                 	SBCI R27,HIGH(-@0)
                 	LD   R0,X+
                 	LD   R27,X
                 	MOV  R26,R0
                 	SUBI R26,LOW(-@1)
                 	SBCI R27,HIGH(-@1)
                 	ST   X+,R30
                 	ST   X+,R31
                 	ST   X+,R22
                 	ST   X,R23
                 	.ENDM
                 
                 	.MACRO __MULBRR
                 	MULS R@0,R@1
                 	MOVW R30,R0
                 	.ENDM
                 
                 	.MACRO __MULBRRU
                 	MUL  R@0,R@1
                 	MOVW R30,R0
                 	.ENDM
                 
                 	.MACRO __MULBRR0
                 	MULS R@0,R@1
                 	.ENDM
                 
                 	.MACRO __MULBRRU0
                 	MUL  R@0,R@1
                 	.ENDM
                 
                 	.MACRO __MULBNWRU
                 	LDI  R26,@2
                 	MUL  R26,R@0
                 	MOVW R30,R0
                 	MUL  R26,R@1
                 	ADD  R31,R0
                 	.ENDM
                 
                 ;GPIOR0 INITIALIZATION VALUE
                 	.EQU __GPIOR0_INIT=0x00
                 
                 	.CSEG
                 	.ORG 0x00
                 
                 ;START OF CODE MARKER
                 __START_OF_CODE:
                 
                 ;INTERRUPT VECTORS
000000 940c 006b 	JMP  __RESET
000002 940c 0000 	JMP  0x00
000004 940c 0000 	JMP  0x00
000006 940c 0000 	JMP  0x00
000008 940c 0000 	JMP  0x00
00000a 940c 0000 	JMP  0x00
00000c 940c 0000 	JMP  0x00
00000e 940c 0000 	JMP  0x00
000010 940c 0000 	JMP  0x00
000012 940c 0000 	JMP  0x00
000014 940c 0000 	JMP  0x00
000016 940c 0000 	JMP  0x00
000018 940c 0000 	JMP  0x00
00001a 940c 0000 	JMP  0x00
00001c 940c 0000 	JMP  0x00
00001e 940c 0000 	JMP  0x00
000020 940c 0000 	JMP  0x00
000022 940c 0000 	JMP  0x00
000024 940c 0000 	JMP  0x00
000026 940c 0000 	JMP  0x00
000028 940c 0000 	JMP  0x00
00002a 940c 0000 	JMP  0x00
00002c 940c 0000 	JMP  0x00
00002e 940c 0000 	JMP  0x00
000030 940c 0000 	JMP  0x00
000032 940c 0000 	JMP  0x00
000034 940c 0000 	JMP  0x00
000036 940c 0000 	JMP  0x00
000038 940c 0000 	JMP  0x00
00003a 940c 0000 	JMP  0x00
00003c 940c 0000 	JMP  0x00
                 
                 _tbl10_G100:
00003e 2710
00003f 03e8
000040 0064
000041 000a      	.DB  0x10,0x27,0xE8,0x3,0x64,0x0,0xA,0x0
000042 0001      	.DB  0x1,0x0
                 _tbl16_G100:
000043 1000
000044 0100
000045 0010
000046 0001      	.DB  0x0,0x10,0x0,0x1,0x10,0x0,0x1,0x0
                 
                 _0x0:
000047 6573
000048 736e
000049 726f
00004a 6c20      	.DB  0x73,0x65,0x6E,0x73,0x6F,0x72,0x20,0x6C
00004b 6769
00004c 7468
00004d 203a
00004e 7525      	.DB  0x69,0x67,0x68,0x74,0x3A,0x20,0x25,0x75
00004f 202c
000050 6172
000051 646e
000052 6d6f      	.DB  0x2C,0x20,0x72,0x61,0x6E,0x64,0x6F,0x6D
000053 635f
000054 6568
000055 6b63
000056 203a      	.DB  0x5F,0x63,0x68,0x65,0x63,0x6B,0x3A,0x20
000057 6425
000058 202c
000059 6e65
00005a 5f76      	.DB  0x25,0x64,0x2C,0x20,0x65,0x6E,0x76,0x5F
00005b 696c
00005c 6867
00005d 3a74
00005e 2520      	.DB  0x6C,0x69,0x67,0x68,0x74,0x3A,0x20,0x25
00005f 2075
000060 000a      	.DB  0x75,0x20,0xA,0x0
                 _0x2020060:
D:\1code\ATMELMega_C_Laser_security_system\Firmware-security-no-leds\Debug\List\firmware.asm(1476): warning: .cseg .db misalignment - padding zero byte
000061 0001      	.DB  0x1
                 _0x2020000:
000062 4e2d
000063 4e41
000064 4900
000065 464e      	.DB  0x2D,0x4E,0x41,0x4E,0x0,0x49,0x4E,0x46
D:\1code\ATMELMega_C_Laser_security_system\Firmware-security-no-leds\Debug\List\firmware.asm(1479): warning: .cseg .db misalignment - padding zero byte
000066 0000      	.DB  0x0
                 
                 __GLOBAL_INI_TBL:
000067 0001      	.DW  0x01
000068 0200      	.DW  __seed_G101
000069 00c2      	.DW  _0x2020060*2
                 
                 _0xFFFFFFFF:
00006a 0000      	.DW  0
                 
                 #define __GLOBAL_INI_TBL_PRESENT 1
                 
                 __RESET:
00006b 94f8      	CLI
00006c 27ee      	CLR  R30
00006d bbef      	OUT  EECR,R30
                 
                 ;INTERRUPT VECTORS ARE PLACED
                 ;AT THE START OF FLASH
00006e e0f1      	LDI  R31,1
00006f bff5      	OUT  MCUCR,R31
000070 bfe5      	OUT  MCUCR,R30
                 
                 ;CLEAR R2-R14
000071 e08d      	LDI  R24,(14-2)+1
000072 e0a2      	LDI  R26,2
000073 27bb      	CLR  R27
                 __CLEAR_REG:
000074 93ed      	ST   X+,R30
000075 958a      	DEC  R24
000076 f7e9      	BRNE __CLEAR_REG
                 
                 ;CLEAR SRAM
000077 e080      	LDI  R24,LOW(__CLEAR_SRAM_SIZE)
000078 e094      	LDI  R25,HIGH(__CLEAR_SRAM_SIZE)
000079 e0a0      	LDI  R26,LOW(__SRAM_START)
00007a e0b1      	LDI  R27,HIGH(__SRAM_START)
                 __CLEAR_SRAM:
00007b 93ed      	ST   X+,R30
00007c 9701      	SBIW R24,1
00007d f7e9      	BRNE __CLEAR_SRAM
                 
                 ;GLOBAL VARIABLES INITIALIZATION
00007e ecee      	LDI  R30,LOW(__GLOBAL_INI_TBL*2)
00007f e0f0      	LDI  R31,HIGH(__GLOBAL_INI_TBL*2)
                 __GLOBAL_INI_NEXT:
000080 9185      	LPM  R24,Z+
000081 9195      	LPM  R25,Z+
000082 9700      	SBIW R24,0
000083 f061      	BREQ __GLOBAL_INI_END
000084 91a5      	LPM  R26,Z+
000085 91b5      	LPM  R27,Z+
000086 9005      	LPM  R0,Z+
000087 9015      	LPM  R1,Z+
000088 01bf      	MOVW R22,R30
000089 01f0      	MOVW R30,R0
                 __GLOBAL_INI_LOOP:
00008a 9005      	LPM  R0,Z+
00008b 920d      	ST   X+,R0
00008c 9701      	SBIW R24,1
00008d f7e1      	BRNE __GLOBAL_INI_LOOP
00008e 01fb      	MOVW R30,R22
00008f cff0      	RJMP __GLOBAL_INI_NEXT
                 __GLOBAL_INI_END:
                 
                 ;GPIOR0 INITIALIZATION
000090 e0e0      	LDI  R30,__GPIOR0_INIT
000091 bbee      	OUT  GPIOR0,R30
                 
                 ;HARDWARE STACK POINTER INITIALIZATION
000092 efef      	LDI  R30,LOW(__SRAM_END-__HEAP_SIZE)
000093 bfed      	OUT  SPL,R30
000094 e0e4      	LDI  R30,HIGH(__SRAM_END-__HEAP_SIZE)
000095 bfee      	OUT  SPH,R30
                 
                 ;DATA STACK POINTER INITIALIZATION
000096 e0c0      	LDI  R28,LOW(__SRAM_START+__DSTACK_SIZE)
000097 e0d2      	LDI  R29,HIGH(__SRAM_START+__DSTACK_SIZE)
                 
000098 940c 009a 	JMP  _main
                 
                 	.ESEG
                 	.ORG 0x00
                 
                 	.DSEG
                 	.ORG 0x200
                 
                 	.CSEG
                 	#ifndef __SLEEP_DEFINED__
                 	#define __SLEEP_DEFINED__
                 	.EQU __se_bit=0x01
                 	.EQU __sm_mask=0x0E
                 	.EQU __sm_powerdown=0x04
                 	.EQU __sm_powersave=0x06
                 	.EQU __sm_standby=0x0C
                 	.EQU __sm_ext_standby=0x0E
                 	.EQU __sm_adc_noise_red=0x02
                 	.SET power_ctrl_reg=smcr
                 	#endif
                 ;void main(void) {
                 ; 0000 0006 void main(void) {
                 
                 	.CSEG
                 _main:
                 ; .FSTART _main
                 ; 0000 0007 
                 ; 0000 0008 // initialize variable for light on sensor
                 ; 0000 0009 unsigned int light = 0;
                 ; 0000 000A 
                 ; 0000 000B // initialize variable for the light in the environment value
                 ; 0000 000C unsigned int env_light = 0;
                 ; 0000 000D 
                 ; 0000 000E // initialize counters for random + first run of the loop
                 ; 0000 000F char firstRun = 0;
                 ; 0000 0010 char randomCheck_counter = rand() % 70;
                 ; 0000 0011 
                 ; 0000 0012 
                 ; 0000 0013 // initialize ports on mcu and the adc
                 ; 0000 0014 initialise_mcu();
                 ;	light -> R16,R17
                 ;	env_light -> R18,R19
                 ;	firstRun -> R21
                 ;	randomCheck_counter -> R20
                +
00009a e000     +LDI R16 , LOW ( 0 )
00009b e010     +LDI R17 , HIGH ( 0 )
                 	__GETWRN 16,17,0
                +
00009c e020     +LDI R18 , LOW ( 0 )
00009d e030     +LDI R19 , HIGH ( 0 )
                 	__GETWRN 18,19,0
00009e e050      	LDI  R21,0
00009f d25d      	RCALL SUBOPT_0x0
0000a0 d059      	RCALL _initialise_mcu
                 ; 0000 0015 
                 ; 0000 0016 // reads the light from the sensor without laser shining on it
                 ; 0000 0017 env_light = read_light();
0000a1 d050      	RCALL _read_light
0000a2 019f      	MOVW R18,R30
                 ; 0000 0018 delay_ms(100);
0000a3 e6a4      	LDI  R26,LOW(100)
0000a4 e0b0      	LDI  R27,0
0000a5 d2d7      	RCALL _delay_ms
                 ; 0000 0019 
                 ; 0000 001A // turn on the laser
                 ; 0000 001B PORTD.4 = 1;
0000a6 9a5c      	SBI  0xB,4
                 ; 0000 001C 
                 ; 0000 001D 
                 ; 0000 001E while (1) {
                 _0x5:
                 ; 0000 001F 
                 ; 0000 0020 // if it is the first loop, delay the read of adc by 100ms
                 ; 0000 0021 if (firstRun == 0) {
0000a7 3050      	CPI  R21,0
0000a8 f421      	BRNE _0x8
                 ; 0000 0022 firstRun = 1;
0000a9 e051      	LDI  R21,LOW(1)
                 ; 0000 0023 delay_ms(100);
0000aa e6a4      	LDI  R26,LOW(100)
0000ab e0b0      	LDI  R27,0
0000ac d2d0      	RCALL _delay_ms
                 ; 0000 0024 }
                 ; 0000 0025 
                 ; 0000 0026 // reads the light from the sensor with laser shining on it
                 ; 0000 0027 light = read_light();
                 _0x8:
0000ad d044      	RCALL _read_light
0000ae 018f      	MOVW R16,R30
                 ; 0000 0028 
                 ; 0000 0029 // debug printf
                 ; 0000 002A printf("sensor light: %u, random_check: %d, env_light: %u \n", light, randomCheck_counter, env_light);
                +
0000af e8ee     +LDI R30 , LOW ( 2 * _0x0 + ( 0 ) )
0000b0 e0f0     +LDI R31 , HIGH ( 2 * _0x0 + ( 0 ) )
                 	__POINTW1FN _0x0,0
0000b1 93fa      	ST   -Y,R31
0000b2 93ea      	ST   -Y,R30
0000b3 01f8      	MOVW R30,R16
0000b4 2766      	CLR  R22
0000b5 2777      	CLR  R23
0000b6 d2c1      	RCALL __PUTPARD1
0000b7 2fe4      	MOV  R30,R20
0000b8 27ff      	CLR  R31
0000b9 2766      	CLR  R22
0000ba 2777      	CLR  R23
0000bb d2bc      	RCALL __PUTPARD1
0000bc 01f9      	MOVW R30,R18
0000bd 2766      	CLR  R22
0000be 2777      	CLR  R23
0000bf d2b8      	RCALL __PUTPARD1
0000c0 e08c      	LDI  R24,12
0000c1 d1df      	RCALL _printf
0000c2 962e      	ADIW R28,14
                 ; 0000 002B 
                 ; 0000 002C // checks if the laser is shining on the sensor
                 ; 0000 002D if (light <= env_light) {
                 ; 0000 002E //ring_alarm();
                 ; 0000 002F /*
                 ; 0000 0030 Please implement a way of turning off the blue LED and turning on the red LED
                 ; 0000 0031 Make sure that the red LED remains on even after the state of alarm is not present
                 ; 0000 0032 
                 ; 0000 0033 State of laser = laser does not shine on the sensor
                 ; 0000 0034 
                 ; 0000 0035 Please make sure that in the initialization function the DDD6 and DDB0 bits are set ( = 1)
                 ; 0000 0036 
                 ; 0000 0037 */
                 ; 0000 0038 }
                 ; 0000 0039 
                 ; 0000 003A // checks randomly within maximum 30s if the light in the environment has changed
                 ; 0000 003B if (randomCheck_counter == 0) {
0000c3 3040      	CPI  R20,0
0000c4 f469      	BRNE _0xA
                 ; 0000 003C randomCheck_counter = rand() % 70;
0000c5 d237      	RCALL SUBOPT_0x0
                 ; 0000 003D PORTD.4 = 0;
0000c6 985c      	CBI  0xB,4
                 ; 0000 003E if (PORTD.4 != 0)
0000c7 995c      	SBIC 0xB,4
                 ; 0000 003F PORTD.4 = 0;
0000c8 985c      	CBI  0xB,4
                 ; 0000 0040 delay_ms(100);
0000c9 e6a4      	LDI  R26,LOW(100)
0000ca e0b0      	LDI  R27,0
0000cb d2b1      	RCALL _delay_ms
                 ; 0000 0041 env_light = read_light();
0000cc d025      	RCALL _read_light
0000cd 019f      	MOVW R18,R30
                 ; 0000 0042 PORTD.4 = 1;
0000ce 9a5c      	SBI  0xB,4
                 ; 0000 0043 delay_ms(100);
0000cf e6a4      	LDI  R26,LOW(100)
0000d0 e0b0      	LDI  R27,0
0000d1 d2ab      	RCALL _delay_ms
                 ; 0000 0044 }
                 ; 0000 0045 
                 ; 0000 0046 randomCheck_counter -= 1;
                 _0xA:
0000d2 5041      	SUBI R20,LOW(1)
                 ; 0000 0047 
                 ; 0000 0048 }
0000d3 cfd3      	RJMP _0x5
                 ; 0000 0049 }
                 _0x12:
0000d4 cfff      	RJMP _0x12
                 ; .FEND
                 	#ifndef __SLEEP_DEFINED__
                 	#endif
                 ;unsigned int read_adc(unsigned char adc_input) {
                 ; 0001 0004 unsigned int read_adc(unsigned char adc_input) {
                 
                 	.CSEG
                 _read_adc:
                 ; .FSTART _read_adc
                 ; 0001 0005 
                 ; 0001 0006 // OR between adc input and type of adc reference 01 - 2.56V internal reference
                 ; 0001 0007 ADMUX=adc_input | 0b01000000;
0000d5 931a      	ST   -Y,R17
0000d6 2f1a      	MOV  R17,R26
                 ;	adc_input -> R17
0000d7 2fe1      	MOV  R30,R17
0000d8 64e0      	ORI  R30,0x40
0000d9 93e0 007c 	STS  124,R30
                 ; 0001 0008 
                 ; 0001 0009 // Delay needed for the stabilization of the ADC input voltage
                 ; 0001 000A delay_us(10);
                +
0000db e483     +LDI R24 , LOW ( 67 )
                +__DELAY_USB_LOOP :
0000dc 958a     +DEC R24
0000dd f7f1     +BRNE __DELAY_USB_LOOP
                 	__DELAY_USB 67
                 ; 0001 000B 
                 ; 0001 000C // Start the AD conversion
                 ; 0001 000D ADCSRA|=(1<<ADSC);
0000de 91e0 007a 	LDS  R30,122
0000e0 64e0      	ORI  R30,0x40
0000e1 93e0 007a 	STS  122,R30
                 ; 0001 000E 
                 ; 0001 000F // Wait for the AD conversion to complete
                 ; 0001 0010 while ((ADCSRA & (1<<ADIF))==0);
                 _0x20003:
0000e3 91e0 007a 	LDS  R30,122
0000e5 71e0      	ANDI R30,LOW(0x10)
0000e6 f3e1      	BREQ _0x20003
                 ; 0001 0011 
                 ; 0001 0012 ADCSRA|=(1<<ADIF);
0000e7 91e0 007a 	LDS  R30,122
0000e9 61e0      	ORI  R30,0x10
0000ea 93e0 007a 	STS  122,R30
                 ; 0001 0013 
                 ; 0001 0014 return ADCW;
0000ec 91e0 0078 	LDS  R30,120
0000ee 91f0 0079 	LDS  R31,120+1
0000f0 940c 0169 	JMP  _0x20A0001
                 ; 0001 0015 }
                 ; .FEND
                 ;unsigned int read_light() {
                 ; 0001 0018 unsigned int read_light() {
                 _read_light:
                 ; .FSTART _read_light
                 ; 0001 0019 
                 ; 0001 001A // reads the value of the light from PORTA.0
                 ; 0001 001B unsigned int light_level = read_adc(0b00000000);
                 ; 0001 001C return light_level;
0000f2 931a      	ST   -Y,R17
0000f3 930a      	ST   -Y,R16
                 ;	light_level -> R16,R17
0000f4 e0a0      	LDI  R26,LOW(0)
0000f5 dfdf      	RCALL _read_adc
0000f6 018f      	MOVW R16,R30
0000f7 9109      	LD   R16,Y+
0000f8 9119      	LD   R17,Y+
0000f9 9508      	RET
                 ; 0001 001D }
                 ; .FEND
                 	#ifndef __SLEEP_DEFINED__
                 	#endif
                 ;void ring_alarm(){
                 ; 0002 0003 void ring_alarm(){
                 
                 	.CSEG
                 ; 0002 0004 short int i;
                 ; 0002 0005 
                 ; 0002 0006 for (i = 0; i < 4; i++) {
                 ;	i -> R16,R17
                 ; 0002 0007 PORTD.3 = 0;
                 ; 0002 0008 delay_ms(200);
                 ; 0002 0009 PORTD.3 = 1;
                 ; 0002 000A delay_ms(200);
                 ; 0002 000B }
                 ; 0002 000C 
                 ; 0002 000D PORTD.3 = 0;
                 ; 0002 000E }
                 	#ifndef __SLEEP_DEFINED__
                 	#endif
                 ;void initialise_mcu() {
                 ; 0003 0003 void initialise_mcu() {
                 
                 	.CSEG
                 _initialise_mcu:
                 ; .FSTART _initialise_mcu
                 ; 0003 0004 
                 ; 0003 0005 #pragma optsize-
                 ; 0003 0006 CLKPR=(1<<CLKPCE);
0000fa e8e0      	LDI  R30,LOW(128)
0000fb 93e0 0061 	STS  97,R30
                 ; 0003 0007 CLKPR=(0<<CLKPCE) | (0<<CLKPS3) | (0<<CLKPS2) | (0<<CLKPS1) | (0<<CLKPS0);
0000fd e0e0      	LDI  R30,LOW(0)
0000fe 93e0 0061 	STS  97,R30
                 ; 0003 0008 #ifdef _OPTIMIZE_SIZE_
                 ; 0003 0009 #pragma optsize+
                 ; 0003 000A #endif
                 ; 0003 000B 
                 ; 0003 000C // Port A initialization
                 ; 0003 000D // Function: Bit7=In Bit6=In Bit5=In Bit4=In Bit3=In Bit2=In Bit1=In Bit0=In
                 ; 0003 000E DDRA=(0<<DDA7) | (0<<DDA6) | (0<<DDA5) | (0<<DDA4) | (0<<DDA3) | (0<<DDA2) | (0<<DDA1) | (0<<DDA0);
000100 b9e1      	OUT  0x1,R30
                 ; 0003 000F // State: Bit7=T Bit6=T Bit5=T Bit4=T Bit3=T Bit2=T Bit1=T Bit0=T
                 ; 0003 0010 PORTA=(0<<PORTA7) | (0<<PORTA6) | (0<<PORTA5) | (0<<PORTA4) | (0<<PORTA3) | (0<<PORTA2) | (0<<PORTA1) | (0<<PORTA0);
000101 b9e2      	OUT  0x2,R30
                 ; 0003 0011 
                 ; 0003 0012 // Port B initialization
                 ; 0003 0013 // Function: Bit7=In Bit6=In Bit5=In Bit4=In Bit3=In Bit2=In Bit1=In Bit0=Out
                 ; 0003 0014 DDRB=(0<<DDB7) | (0<<DDB6) | (0<<DDB5) | (0<<DDB4) | (0<<DDB3) | (0<<DDB2) | (0<<DDB1) | (1<<DDB0);
000102 e0e1      	LDI  R30,LOW(1)
000103 b9e4      	OUT  0x4,R30
                 ; 0003 0015 // State: Bit7=T Bit6=T Bit5=T Bit4=T Bit3=T Bit2=T Bit1=T Bit0=T
                 ; 0003 0016 PORTB=(0<<PORTB7) | (0<<PORTB6) | (0<<PORTB5) | (0<<PORTB4) | (0<<PORTB3) | (0<<PORTB2) | (0<<PORTB1) | (0<<PORTB0);
000104 e0e0      	LDI  R30,LOW(0)
000105 b9e5      	OUT  0x5,R30
                 ; 0003 0017 
                 ; 0003 0018 // Port C initialization
                 ; 0003 0019 // Function: Bit7=In Bit6=In Bit5=In Bit4=In Bit3=In Bit2=In Bit1=In Bit0=In
                 ; 0003 001A DDRC=(0<<DDC7) | (0<<DDC6) | (0<<DDC5) | (0<<DDC4) | (0<<DDC3) | (0<<DDC2) | (0<<DDC1) | (0<<DDC0);
000106 b9e7      	OUT  0x7,R30
                 ; 0003 001B // State: Bit7=T Bit6=T Bit5=T Bit4=T Bit3=T Bit2=T Bit1=T Bit0=T
                 ; 0003 001C PORTC=(0<<PORTC7) | (0<<PORTC6) | (0<<PORTC5) | (0<<PORTC4) | (0<<PORTC3) | (0<<PORTC2) | (0<<PORTC1) | (0<<PORTC0);
000107 b9e8      	OUT  0x8,R30
                 ; 0003 001D 
                 ; 0003 001E // Port D initialization
                 ; 0003 001F // Function: Bit7=In Bit6=In Bit5=In Bit4=Out Bit3=In Bit2=In Bit1=In Bit0=In
                 ; 0003 0020 DDRD=(0<<DDD7) | (0<<DDD6) | (0<<DDD5) | (1<<DDD4) | (1<<DDD3) | (0<<DDD2) | (0<<DDD1) | (0<<DDD0);
000108 e1e8      	LDI  R30,LOW(24)
000109 b9ea      	OUT  0xA,R30
                 ; 0003 0021 // State: Bit7=T Bit6=T Bit5=T Bit4=T Bit3=T Bit2=T Bit1=T Bit0=T
                 ; 0003 0022 PORTD=(0<<PORTD7) | (0<<PORTD6) | (0<<PORTD5) | (0<<PORTD4) | (0<<PORTD3) | (0<<PORTD2) | (0<<PORTD1) | (0<<PORTD0);
00010a e0e0      	LDI  R30,LOW(0)
00010b b9eb      	OUT  0xB,R30
                 ; 0003 0023 
                 ; 0003 0024 // Timer/Counter 0 initialization
                 ; 0003 0025 // Clock source: System Clock
                 ; 0003 0026 // Clock value: Timer 0 Stopped
                 ; 0003 0027 // Mode: Normal top=0xFF
                 ; 0003 0028 // OC0A output: Disconnected
                 ; 0003 0029 // OC0B output: Disconnected
                 ; 0003 002A TCCR0A=(0<<COM0A1) | (0<<COM0A0) | (0<<COM0B1) | (0<<COM0B0) | (0<<WGM01) | (0<<WGM00);
00010c bde4      	OUT  0x24,R30
                 ; 0003 002B TCCR0B=(0<<WGM02) | (0<<CS02) | (0<<CS01) | (0<<CS00);
00010d bde5      	OUT  0x25,R30
                 ; 0003 002C TCNT0=0x00;
00010e bde6      	OUT  0x26,R30
                 ; 0003 002D OCR0A=0x00;
00010f bde7      	OUT  0x27,R30
                 ; 0003 002E OCR0B=0x00;
000110 bde8      	OUT  0x28,R30
                 ; 0003 002F 
                 ; 0003 0030 // Timer/Counter 1 initialization
                 ; 0003 0031 // Clock source: System Clock
                 ; 0003 0032 // Clock value: Timer1 Stopped
                 ; 0003 0033 // Mode: Normal top=0xFFFF
                 ; 0003 0034 // OC1A output: Disconnected
                 ; 0003 0035 // OC1B output: Disconnected
                 ; 0003 0036 // Noise Canceler: Off
                 ; 0003 0037 // Input Capture on Falling Edge
                 ; 0003 0038 // Timer1 Overflow Interrupt: Off
                 ; 0003 0039 // Input Capture Interrupt: Off
                 ; 0003 003A // Compare A Match Interrupt: Off
                 ; 0003 003B // Compare B Match Interrupt: Off
                 ; 0003 003C TCCR1A=(0<<COM1A1) | (0<<COM1A0) | (0<<COM1B1) | (0<<COM1B0) | (0<<WGM11) | (0<<WGM10);
000111 93e0 0080 	STS  128,R30
                 ; 0003 003D TCCR1B=(0<<ICNC1) | (0<<ICES1) | (0<<WGM13) | (0<<WGM12) | (0<<CS12) | (0<<CS11) | (0<<CS10);
000113 93e0 0081 	STS  129,R30
                 ; 0003 003E TCNT1H=0x00;
000115 93e0 0085 	STS  133,R30
                 ; 0003 003F TCNT1L=0x00;
000117 93e0 0084 	STS  132,R30
                 ; 0003 0040 ICR1H=0x00;
000119 93e0 0087 	STS  135,R30
                 ; 0003 0041 ICR1L=0x00;
00011b 93e0 0086 	STS  134,R30
                 ; 0003 0042 OCR1AH=0x00;
00011d 93e0 0089 	STS  137,R30
                 ; 0003 0043 OCR1AL=0x00;
00011f 93e0 0088 	STS  136,R30
                 ; 0003 0044 OCR1BH=0x00;
000121 93e0 008b 	STS  139,R30
                 ; 0003 0045 OCR1BL=0x00;
000123 93e0 008a 	STS  138,R30
                 ; 0003 0046 
                 ; 0003 0047 // Timer/Counter 2 initialization
                 ; 0003 0048 // Clock source: System Clock
                 ; 0003 0049 // Clock value: Timer2 Stopped
                 ; 0003 004A // Mode: Normal top=0xFF
                 ; 0003 004B // OC2A output: Disconnected
                 ; 0003 004C // OC2B output: Disconnected
                 ; 0003 004D ASSR=(0<<EXCLK) | (0<<AS2);
000125 93e0 00b6 	STS  182,R30
                 ; 0003 004E TCCR2A=(0<<COM2A1) | (0<<COM2A0) | (0<<COM2B1) | (0<<COM2B0) | (0<<WGM21) | (0<<WGM20);
000127 93e0 00b0 	STS  176,R30
                 ; 0003 004F TCCR2B=(0<<WGM22) | (0<<CS22) | (0<<CS21) | (0<<CS20);
000129 93e0 00b1 	STS  177,R30
                 ; 0003 0050 TCNT2=0x00;
00012b 93e0 00b2 	STS  178,R30
                 ; 0003 0051 OCR2A=0x00;
00012d 93e0 00b3 	STS  179,R30
                 ; 0003 0052 OCR2B=0x00;
00012f 93e0 00b4 	STS  180,R30
                 ; 0003 0053 
                 ; 0003 0054 // Timer/Counter 0 Interrupt(s) initialization
                 ; 0003 0055 TIMSK0=(0<<OCIE0B) | (0<<OCIE0A) | (0<<TOIE0);
000131 93e0 006e 	STS  110,R30
                 ; 0003 0056 
                 ; 0003 0057 // Timer/Counter 1 Interrupt(s) initialization
                 ; 0003 0058 TIMSK1=(0<<ICIE1) | (0<<OCIE1B) | (0<<OCIE1A) | (0<<TOIE1);
000133 93e0 006f 	STS  111,R30
                 ; 0003 0059 
                 ; 0003 005A // Timer/Counter 2 Interrupt(s) initialization
                 ; 0003 005B TIMSK2=(0<<OCIE2B) | (0<<OCIE2A) | (0<<TOIE2);
000135 93e0 0070 	STS  112,R30
                 ; 0003 005C 
                 ; 0003 005D // External Interrupt(s) initialization
                 ; 0003 005E // INT0: Off
                 ; 0003 005F // INT1: Off
                 ; 0003 0060 // INT2: Off
                 ; 0003 0061 // Interrupt on any change on pins PCINT0-7: Off
                 ; 0003 0062 // Interrupt on any change on pins PCINT8-15: Off
                 ; 0003 0063 // Interrupt on any change on pins PCINT16-23: Off
                 ; 0003 0064 // Interrupt on any change on pins PCINT24-31: Off
                 ; 0003 0065 EICRA=(0<<ISC21) | (0<<ISC20) | (0<<ISC11) | (0<<ISC10) | (0<<ISC01) | (0<<ISC00);
000137 93e0 0069 	STS  105,R30
                 ; 0003 0066 EIMSK=(0<<INT2) | (0<<INT1) | (0<<INT0);
000139 bbed      	OUT  0x1D,R30
                 ; 0003 0067 PCICR=(0<<PCIE3) | (0<<PCIE2) | (0<<PCIE1) | (0<<PCIE0);
00013a 93e0 0068 	STS  104,R30
                 ; 0003 0068 
                 ; 0003 0069 // USART0 initialization
                 ; 0003 006A // Communication Parameters: 8 Data, 1 Stop, No Parity
                 ; 0003 006B // USART0 Receiver: Off
                 ; 0003 006C // USART0 Transmitter: On
                 ; 0003 006D // USART0 Mode: Asynchronous
                 ; 0003 006E // USART0 Baud Rate: 9600
                 ; 0003 006F UCSR0A=(0<<RXC0) | (0<<TXC0) | (0<<UDRE0) | (0<<FE0) | (0<<DOR0) | (0<<UPE0) | (0<<U2X0) | (0<<MPCM0);
00013c 93e0 00c0 	STS  192,R30
                 ; 0003 0070 UCSR0B=(0<<RXCIE0) | (0<<TXCIE0) | (0<<UDRIE0) | (0<<RXEN0) | (1<<TXEN0) | (0<<UCSZ02) | (0<<RXB80) | (0<<TXB80);
00013e e0e8      	LDI  R30,LOW(8)
00013f 93e0 00c1 	STS  193,R30
                 ; 0003 0071 UCSR0C=(0<<UMSEL01) | (0<<UMSEL00) | (0<<UPM01) | (0<<UPM00) | (0<<USBS0) | (1<<UCSZ01) | (1<<UCSZ00) | (0<<UCPOL0);
000141 e0e6      	LDI  R30,LOW(6)
000142 93e0 00c2 	STS  194,R30
                 ; 0003 0072 UBRR0H=0x00;
000144 e0e0      	LDI  R30,LOW(0)
000145 93e0 00c5 	STS  197,R30
                 ; 0003 0073 UBRR0L=0x81;
000147 e8e1      	LDI  R30,LOW(129)
000148 93e0 00c4 	STS  196,R30
                 ; 0003 0074 
                 ; 0003 0075 
                 ; 0003 0076 // USART1 initialization
                 ; 0003 0077 // USART1 disabled
                 ; 0003 0078 UCSR1B=(0<<RXCIE1) | (0<<TXCIE1) | (0<<UDRIE1) | (0<<RXEN1) | (0<<TXEN1) | (0<<UCSZ12) | (0<<RXB81) | (0<<TXB81);
00014a e0e0      	LDI  R30,LOW(0)
00014b 93e0 00c9 	STS  201,R30
                 ; 0003 0079 
                 ; 0003 007A // Analog Comparator initialization
                 ; 0003 007B // Analog Comparator: Off
                 ; 0003 007C // The Analog Comparator's positive input is
                 ; 0003 007D // connected to the AIN0 pin
                 ; 0003 007E // The Analog Comparator's negative input is
                 ; 0003 007F // connected to the AIN1 pin
                 ; 0003 0080 ACSR=(1<<ACD) | (0<<ACBG) | (0<<ACO) | (0<<ACI) | (0<<ACIE) | (0<<ACIC) | (0<<ACIS1) | (0<<ACIS0);
00014d e8e0      	LDI  R30,LOW(128)
00014e bfe0      	OUT  0x30,R30
                 ; 0003 0081 // Digital input buffer on AIN0: On
                 ; 0003 0082 // Digital input buffer on AIN1: On
                 ; 0003 0083 DIDR1=(0<<AIN0D) | (0<<AIN1D);
00014f e0e0      	LDI  R30,LOW(0)
000150 93e0 007f 	STS  127,R30
                 ; 0003 0084 
                 ; 0003 0085 // ADC initialization
                 ; 0003 0086 // ADC Clock frequency: 625.000 kHz
                 ; 0003 0087 // ADC Voltage Reference: AREF pin
                 ; 0003 0088 // ADC Auto Trigger Source: Free Running
                 ; 0003 0089 // Digital input buffers on ADC0: On, ADC1: On, ADC2: On, ADC3: On
                 ; 0003 008A // ADC4: On, ADC5: On, ADC6: On, ADC7: On
                 ; 0003 008B DIDR0=(0<<ADC7D) | (0<<ADC6D) | (0<<ADC5D) | (0<<ADC4D) | (0<<ADC3D) | (0<<ADC2D) | (0<<ADC1D) | (0<<ADC0D);
000152 93e0 007e 	STS  126,R30
                 ; 0003 008C ADMUX=0b01000000;
000154 e4e0      	LDI  R30,LOW(64)
000155 93e0 007c 	STS  124,R30
                 ; 0003 008D ADCSRA=(1<<ADEN) | (0<<ADSC) | (1<<ADATE) | (0<<ADIF) | (0<<ADIE) | (1<<ADPS2) | (0<<ADPS1) | (1<<ADPS0);
000157 eae5      	LDI  R30,LOW(165)
000158 93e0 007a 	STS  122,R30
                 ; 0003 008E ADCSRB=(0<<ADTS2) | (0<<ADTS1) | (0<<ADTS0);
00015a e0e0      	LDI  R30,LOW(0)
00015b 93e0 007b 	STS  123,R30
                 ; 0003 008F 
                 ; 0003 0090 // SPI initialization
                 ; 0003 0091 // SPI disabled
                 ; 0003 0092 SPCR=(0<<SPIE) | (0<<SPE) | (0<<DORD) | (0<<MSTR) | (0<<CPOL) | (0<<CPHA) | (0<<SPR1) | (0<<SPR0);
00015d bdec      	OUT  0x2C,R30
                 ; 0003 0093 
                 ; 0003 0094 // TWI initialization
                 ; 0003 0095 // TWI disabled
                 ; 0003 0096 TWCR=(0<<TWEA) | (0<<TWSTA) | (0<<TWSTO) | (0<<TWEN) | (0<<TWIE);
00015e 93e0 00bc 	STS  188,R30
                 ; 0003 0097 
                 ; 0003 0098 }
000160 9508      	RET
                 ; .FEND
                 	#ifndef __SLEEP_DEFINED__
                 	#endif
                 
                 	.CSEG
                 _putchar:
                 ; .FSTART _putchar
000161 931a      	ST   -Y,R17
000162 2f1a      	MOV  R17,R26
                 _0x2000006:
000163 91e0 00c0 	LDS  R30,192
000165 72e0      	ANDI R30,LOW(0x20)
000166 f3e1      	BREQ _0x2000006
000167 9310 00c6 	STS  198,R17
                 _0x20A0001:
000169 9119      	LD   R17,Y+
00016a 9508      	RET
                 ; .FEND
                 _put_usart_G100:
                 ; .FSTART _put_usart_G100
00016b d1b7      	RCALL __SAVELOCR4
00016c 018d      	MOVW R16,R26
00016d 813c      	LDD  R19,Y+4
00016e 2fa3      	MOV  R26,R19
00016f dff1      	RCALL _putchar
000170 01d8      	MOVW R26,R16
000171 91ed      	LD   R30,X+
000172 91fd      	LD   R31,X+
000173 9631      	ADIW R30,1
000174 93fe      	ST   -X,R31
000175 93ee      	ST   -X,R30
000176 d1b3      	RCALL __LOADLOCR4
000177 9625      	ADIW R28,5
000178 9508      	RET
                 ; .FEND
                 __print_G100:
                 ; .FSTART __print_G100
000179 93ba      	ST   -Y,R27
00017a 93aa      	ST   -Y,R26
00017b 9726      	SBIW R28,6
00017c d1a4      	RCALL __SAVELOCR6
00017d e010      	LDI  R17,0
00017e 85ac      	LDD  R26,Y+12
00017f 85bd      	LDD  R27,Y+12+1
000180 e0e0      	LDI  R30,LOW(0)
000181 e0f0      	LDI  R31,HIGH(0)
000182 93ed      	ST   X+,R30
000183 93fc      	ST   X,R31
                 _0x200001C:
000184 89ea      	LDD  R30,Y+18
000185 89fb      	LDD  R31,Y+18+1
000186 9631      	ADIW R30,1
000187 8bea      	STD  Y+18,R30
000188 8bfb      	STD  Y+18+1,R31
000189 9731      	SBIW R30,1
00018a 91e4      	LPM  R30,Z
00018b 2f2e      	MOV  R18,R30
00018c 30e0      	CPI  R30,0
00018d f409      	BRNE PC+2
00018e c10b      	RJMP _0x200001E
00018f 2fe1      	MOV  R30,R17
000190 30e0      	CPI  R30,0
000191 f431      	BRNE _0x2000022
000192 3225      	CPI  R18,37
000193 f411      	BRNE _0x2000023
000194 e011      	LDI  R17,LOW(1)
000195 c001      	RJMP _0x2000024
                 _0x2000023:
000196 d16d      	RCALL SUBOPT_0x1
                 _0x2000024:
000197 c101      	RJMP _0x2000021
                 _0x2000022:
000198 30e1      	CPI  R30,LOW(0x1)
000199 f4a1      	BRNE _0x2000025
00019a 3225      	CPI  R18,37
00019b f411      	BRNE _0x2000026
00019c d167      	RCALL SUBOPT_0x1
00019d c0fa      	RJMP _0x20000D2
                 _0x2000026:
00019e e012      	LDI  R17,LOW(2)
00019f e040      	LDI  R20,LOW(0)
0001a0 e000      	LDI  R16,LOW(0)
0001a1 322d      	CPI  R18,45
0001a2 f411      	BRNE _0x2000027
0001a3 e001      	LDI  R16,LOW(1)
0001a4 c0f4      	RJMP _0x2000021
                 _0x2000027:
0001a5 322b      	CPI  R18,43
0001a6 f411      	BRNE _0x2000028
0001a7 e24b      	LDI  R20,LOW(43)
0001a8 c0f0      	RJMP _0x2000021
                 _0x2000028:
0001a9 3220      	CPI  R18,32
0001aa f411      	BRNE _0x2000029
0001ab e240      	LDI  R20,LOW(32)
0001ac c0ec      	RJMP _0x2000021
                 _0x2000029:
0001ad c002      	RJMP _0x200002A
                 _0x2000025:
0001ae 30e2      	CPI  R30,LOW(0x2)
0001af f439      	BRNE _0x200002B
                 _0x200002A:
0001b0 e050      	LDI  R21,LOW(0)
0001b1 e013      	LDI  R17,LOW(3)
0001b2 3320      	CPI  R18,48
0001b3 f411      	BRNE _0x200002C
0001b4 6800      	ORI  R16,LOW(128)
0001b5 c0e3      	RJMP _0x2000021
                 _0x200002C:
0001b6 c003      	RJMP _0x200002D
                 _0x200002B:
0001b7 30e3      	CPI  R30,LOW(0x3)
0001b8 f009      	BREQ PC+2
0001b9 c0df      	RJMP _0x2000021
                 _0x200002D:
0001ba 3320      	CPI  R18,48
0001bb f010      	BRLO _0x2000030
0001bc 332a      	CPI  R18,58
0001bd f008      	BRLO _0x2000031
                 _0x2000030:
0001be c007      	RJMP _0x200002F
                 _0x2000031:
0001bf e0aa      	LDI  R26,LOW(10)
0001c0 9f5a      	MUL  R21,R26
0001c1 2d50      	MOV  R21,R0
0001c2 2fe2      	MOV  R30,R18
0001c3 53e0      	SUBI R30,LOW(48)
0001c4 0f5e      	ADD  R21,R30
0001c5 c0d3      	RJMP _0x2000021
                 _0x200002F:
0001c6 2fe2      	MOV  R30,R18
0001c7 36e3      	CPI  R30,LOW(0x63)
0001c8 f439      	BRNE _0x2000035
0001c9 d141      	RCALL SUBOPT_0x2
0001ca 89e8      	LDD  R30,Y+16
0001cb 89f9      	LDD  R31,Y+16+1
0001cc 81a4      	LDD  R26,Z+4
0001cd 93aa      	ST   -Y,R26
0001ce d142      	RCALL SUBOPT_0x3
0001cf c0c8      	RJMP _0x2000036
                 _0x2000035:
0001d0 37e3      	CPI  R30,LOW(0x73)
0001d1 f429      	BRNE _0x2000038
0001d2 d138      	RCALL SUBOPT_0x2
0001d3 d143      	RCALL SUBOPT_0x4
0001d4 d10f      	RCALL _strlen
0001d5 2f1e      	MOV  R17,R30
0001d6 c007      	RJMP _0x2000039
                 _0x2000038:
0001d7 37e0      	CPI  R30,LOW(0x70)
0001d8 f449      	BRNE _0x200003B
0001d9 d131      	RCALL SUBOPT_0x2
0001da d13c      	RCALL SUBOPT_0x4
0001db d114      	RCALL _strlenf
0001dc 2f1e      	MOV  R17,R30
0001dd 6008      	ORI  R16,LOW(8)
                 _0x2000039:
0001de 6002      	ORI  R16,LOW(2)
0001df 770f      	ANDI R16,LOW(127)
0001e0 e030      	LDI  R19,LOW(0)
0001e1 c03a      	RJMP _0x200003C
                 _0x200003B:
0001e2 36e4      	CPI  R30,LOW(0x64)
0001e3 f011      	BREQ _0x200003F
0001e4 36e9      	CPI  R30,LOW(0x69)
0001e5 f411      	BRNE _0x2000040
                 _0x200003F:
0001e6 6004      	ORI  R16,LOW(4)
0001e7 c002      	RJMP _0x2000041
                 _0x2000040:
0001e8 37e5      	CPI  R30,LOW(0x75)
0001e9 f431      	BRNE _0x2000042
                 _0x2000041:
0001ea e7ec      	LDI  R30,LOW(_tbl10_G100*2)
0001eb e0f0      	LDI  R31,HIGH(_tbl10_G100*2)
0001ec 83ee      	STD  Y+6,R30
0001ed 83ff      	STD  Y+6+1,R31
0001ee e015      	LDI  R17,LOW(5)
0001ef c00c      	RJMP _0x2000043
                 _0x2000042:
0001f0 35e8      	CPI  R30,LOW(0x58)
0001f1 f411      	BRNE _0x2000045
0001f2 6008      	ORI  R16,LOW(8)
0001f3 c003      	RJMP _0x2000046
                 _0x2000045:
0001f4 37e8      	CPI  R30,LOW(0x78)
0001f5 f009      	BREQ PC+2
0001f6 c0a1      	RJMP _0x2000077
                 _0x2000046:
0001f7 e8e6      	LDI  R30,LOW(_tbl16_G100*2)
0001f8 e0f0      	LDI  R31,HIGH(_tbl16_G100*2)
0001f9 83ee      	STD  Y+6,R30
0001fa 83ff      	STD  Y+6+1,R31
0001fb e014      	LDI  R17,LOW(4)
                 _0x2000043:
0001fc ff02      	SBRS R16,2
0001fd c015      	RJMP _0x2000048
0001fe d10c      	RCALL SUBOPT_0x2
0001ff 89a8      	LDD  R26,Y+16
000200 89b9      	LDD  R27,Y+16+1
000201 9614      	ADIW R26,4
000202 91ed      	LD   R30,X+
000203 91fd      	LD   R31,X+
000204 87ea      	STD  Y+10,R30
000205 87fb      	STD  Y+10+1,R31
000206 85ab      	LDD  R26,Y+11
000207 23aa      	TST  R26
000208 f422      	BRPL _0x2000049
000209 d125      	RCALL __ANEGW1
00020a 87ea      	STD  Y+10,R30
00020b 87fb      	STD  Y+10+1,R31
00020c e24d      	LDI  R20,LOW(45)
                 _0x2000049:
00020d 3040      	CPI  R20,0
00020e f011      	BREQ _0x200004A
00020f 5f1f      	SUBI R17,-LOW(1)
000210 c001      	RJMP _0x200004B
                 _0x200004A:
000211 7f0b      	ANDI R16,LOW(251)
                 _0x200004B:
000212 c009      	RJMP _0x200004C
                 _0x2000048:
000213 d0f7      	RCALL SUBOPT_0x2
000214 89a8      	LDD  R26,Y+16
000215 89b9      	LDD  R27,Y+16+1
000216 9614      	ADIW R26,4
                +
000217 91ed     +LD R30 , X +
000218 91fc     +LD R31 , X
000219 9711     +SBIW R26 , 1
                 	__GETW1P
00021a 87ea      	STD  Y+10,R30
00021b 87fb      	STD  Y+10+1,R31
                 _0x200004C:
                 _0x200003C:
00021c fd00      	SBRC R16,0
00021d c010      	RJMP _0x200004D
                 _0x200004E:
00021e 1715      	CP   R17,R21
00021f f470      	BRSH _0x2000050
000220 ff07      	SBRS R16,7
000221 c008      	RJMP _0x2000051
000222 ff02      	SBRS R16,2
000223 c004      	RJMP _0x2000052
000224 7f0b      	ANDI R16,LOW(251)
000225 2f24      	MOV  R18,R20
000226 5011      	SUBI R17,LOW(1)
000227 c001      	RJMP _0x2000053
                 _0x2000052:
000228 e320      	LDI  R18,LOW(48)
                 _0x2000053:
000229 c001      	RJMP _0x2000054
                 _0x2000051:
00022a e220      	LDI  R18,LOW(32)
                 _0x2000054:
00022b d0d8      	RCALL SUBOPT_0x1
00022c 5051      	SUBI R21,LOW(1)
00022d cff0      	RJMP _0x200004E
                 _0x2000050:
                 _0x200004D:
00022e 2f31      	MOV  R19,R17
00022f ff01      	SBRS R16,1
000230 c016      	RJMP _0x2000055
                 _0x2000056:
000231 3030      	CPI  R19,0
000232 f099      	BREQ _0x2000058
000233 ff03      	SBRS R16,3
000234 c006      	RJMP _0x2000059
000235 81ee      	LDD  R30,Y+6
000236 81ff      	LDD  R31,Y+6+1
000237 9125      	LPM  R18,Z+
000238 83ee      	STD  Y+6,R30
000239 83ff      	STD  Y+6+1,R31
00023a c005      	RJMP _0x200005A
                 _0x2000059:
00023b 81ae      	LDD  R26,Y+6
00023c 81bf      	LDD  R27,Y+6+1
00023d 912d      	LD   R18,X+
00023e 83ae      	STD  Y+6,R26
00023f 83bf      	STD  Y+6+1,R27
                 _0x200005A:
000240 d0c3      	RCALL SUBOPT_0x1
000241 3050      	CPI  R21,0
000242 f009      	BREQ _0x200005B
000243 5051      	SUBI R21,LOW(1)
                 _0x200005B:
000244 5031      	SUBI R19,LOW(1)
000245 cfeb      	RJMP _0x2000056
                 _0x2000058:
000246 c048      	RJMP _0x200005C
                 _0x2000055:
                 _0x200005E:
000247 e320      	LDI  R18,LOW(48)
000248 81ee      	LDD  R30,Y+6
000249 81ff      	LDD  R31,Y+6+1
00024a d129      	RCALL __GETW1PF
00024b 87e8      	STD  Y+8,R30
00024c 87f9      	STD  Y+8+1,R31
00024d 81ee      	LDD  R30,Y+6
00024e 81ff      	LDD  R31,Y+6+1
00024f 9632      	ADIW R30,2
000250 83ee      	STD  Y+6,R30
000251 83ff      	STD  Y+6+1,R31
                 _0x2000060:
000252 85e8      	LDD  R30,Y+8
000253 85f9      	LDD  R31,Y+8+1
000254 85aa      	LDD  R26,Y+10
000255 85bb      	LDD  R27,Y+10+1
000256 17ae      	CP   R26,R30
000257 07bf      	CPC  R27,R31
000258 f050      	BRLO _0x2000062
000259 5f2f      	SUBI R18,-LOW(1)
00025a 85a8      	LDD  R26,Y+8
00025b 85b9      	LDD  R27,Y+8+1
00025c 85ea      	LDD  R30,Y+10
00025d 85fb      	LDD  R31,Y+10+1
00025e 1bea      	SUB  R30,R26
00025f 0bfb      	SBC  R31,R27
000260 87ea      	STD  Y+10,R30
000261 87fb      	STD  Y+10+1,R31
000262 cfef      	RJMP _0x2000060
                 _0x2000062:
000263 332a      	CPI  R18,58
000264 f028      	BRLO _0x2000063
000265 ff03      	SBRS R16,3
000266 c002      	RJMP _0x2000064
000267 5f29      	SUBI R18,-LOW(7)
000268 c001      	RJMP _0x2000065
                 _0x2000064:
000269 5d29      	SUBI R18,-LOW(39)
                 _0x2000065:
                 _0x2000063:
00026a fd04      	SBRC R16,4
00026b c019      	RJMP _0x2000067
00026c 3321      	CPI  R18,49
00026d f420      	BRSH _0x2000069
00026e 85a8      	LDD  R26,Y+8
00026f 85b9      	LDD  R27,Y+8+1
000270 9711      	SBIW R26,1
000271 f409      	BRNE _0x2000068
                 _0x2000069:
000272 c009      	RJMP _0x20000D3
                 _0x2000068:
000273 1753      	CP   R21,R19
000274 f010      	BRLO _0x200006D
000275 ff00      	SBRS R16,0
000276 c001      	RJMP _0x200006E
                 _0x200006D:
000277 c011      	RJMP _0x200006C
                 _0x200006E:
000278 e220      	LDI  R18,LOW(32)
000279 ff07      	SBRS R16,7
00027a c00a      	RJMP _0x200006F
00027b e320      	LDI  R18,LOW(48)
                 _0x20000D3:
00027c 6100      	ORI  R16,LOW(16)
00027d ff02      	SBRS R16,2
00027e c006      	RJMP _0x2000070
00027f 7f0b      	ANDI R16,LOW(251)
000280 934a      	ST   -Y,R20
000281 d08f      	RCALL SUBOPT_0x3
000282 3050      	CPI  R21,0
000283 f009      	BREQ _0x2000071
000284 5051      	SUBI R21,LOW(1)
                 _0x2000071:
                 _0x2000070:
                 _0x200006F:
                 _0x2000067:
000285 d07e      	RCALL SUBOPT_0x1
000286 3050      	CPI  R21,0
000287 f009      	BREQ _0x2000072
000288 5051      	SUBI R21,LOW(1)
                 _0x2000072:
                 _0x200006C:
000289 5031      	SUBI R19,LOW(1)
00028a 85a8      	LDD  R26,Y+8
00028b 85b9      	LDD  R27,Y+8+1
00028c 9712      	SBIW R26,2
00028d f008      	BRLO _0x200005F
00028e cfb8      	RJMP _0x200005E
                 _0x200005F:
                 _0x200005C:
00028f ff00      	SBRS R16,0
000290 c007      	RJMP _0x2000073
                 _0x2000074:
000291 3050      	CPI  R21,0
000292 f029      	BREQ _0x2000076
000293 5051      	SUBI R21,LOW(1)
000294 e2e0      	LDI  R30,LOW(32)
000295 93ea      	ST   -Y,R30
000296 d07a      	RCALL SUBOPT_0x3
000297 cff9      	RJMP _0x2000074
                 _0x2000076:
                 _0x2000073:
                 _0x2000077:
                 _0x2000036:
                 _0x20000D2:
000298 e010      	LDI  R17,LOW(0)
                 _0x2000021:
000299 ceea      	RJMP _0x200001C
                 _0x200001E:
00029a 85ac      	LDD  R26,Y+12
00029b 85bd      	LDD  R27,Y+12+1
00029c 91ed      	LD   R30,X+
00029d 91fd      	LD   R31,X+
00029e d089      	RCALL __LOADLOCR6
00029f 9664      	ADIW R28,20
0002a0 9508      	RET
                 ; .FEND
                 _printf:
                 ; .FSTART _printf
0002a1 92ff      	PUSH R15
0002a2 2ef8      	MOV  R15,R24
0002a3 9726      	SBIW R28,6
0002a4 931a      	ST   -Y,R17
0002a5 930a      	ST   -Y,R16
0002a6 01de      	MOVW R26,R28
0002a7 9614      	ADIW R26,4
                +
0002a8 2400     +CLR R0
0002a9 0daf     +ADD R26 , R15
0002aa 1db0     +ADC R27 , R0
                 	__ADDW2R15
0002ab 018d      	MOVW R16,R26
0002ac e0e0      	LDI  R30,LOW(0)
0002ad 83ec      	STD  Y+4,R30
0002ae 83ed      	STD  Y+4+1,R30
0002af 83ee      	STD  Y+6,R30
0002b0 83ef      	STD  Y+6+1,R30
0002b1 01de      	MOVW R26,R28
0002b2 9618      	ADIW R26,8
                +
0002b3 2400     +CLR R0
0002b4 0daf     +ADD R26 , R15
0002b5 1db0     +ADC R27 , R0
                 	__ADDW2R15
0002b6 91ed      	LD   R30,X+
0002b7 91fd      	LD   R31,X+
0002b8 93fa      	ST   -Y,R31
0002b9 93ea      	ST   -Y,R30
0002ba 931a      	ST   -Y,R17
0002bb 930a      	ST   -Y,R16
0002bc e6eb      	LDI  R30,LOW(_put_usart_G100)
0002bd e0f1      	LDI  R31,HIGH(_put_usart_G100)
0002be 93fa      	ST   -Y,R31
0002bf 93ea      	ST   -Y,R30
0002c0 01de      	MOVW R26,R28
0002c1 9618      	ADIW R26,8
0002c2 deb6      	RCALL __print_G100
0002c3 8119      	LDD  R17,Y+1
0002c4 8108      	LDD  R16,Y+0
0002c5 9628      	ADIW R28,8
0002c6 90ff      	POP  R15
0002c7 9508      	RET
                 ; .FEND
                 
                 	.CSEG
                 
                 	.DSEG
                 
                 	.CSEG
                 _rand:
                 ; .FSTART _rand
0002c8 91e0 0200 	LDS  R30,__seed_G101
0002ca 91f0 0201 	LDS  R31,__seed_G101+1
0002cc 9160 0202 	LDS  R22,__seed_G101+2
0002ce 9170 0203 	LDS  R23,__seed_G101+3
                +
0002d0 e6ad     +LDI R26 , LOW ( 0x41C64E6D )
0002d1 e4be     +LDI R27 , HIGH ( 0x41C64E6D )
0002d2 ec86     +LDI R24 , BYTE3 ( 0x41C64E6D )
0002d3 e491     +LDI R25 , BYTE4 ( 0x41C64E6D )
                 	__GETD2N 0x41C64E6D
0002d4 d05e      	RCALL __MULD12U
                +
0002d5 59ee     +SUBI R30 , LOW ( - 30562 )
0002d6 48f8     +SBCI R31 , HIGH ( - 30562 )
0002d7 4f6f     +SBCI R22 , BYTE3 ( - 30562 )
0002d8 4f7f     +SBCI R23 , BYTE4 ( - 30562 )
                 	__ADDD1N 30562
0002d9 93e0 0200 	STS  __seed_G101,R30
0002db 93f0 0201 	STS  __seed_G101+1,R31
0002dd 9360 0202 	STS  __seed_G101+2,R22
0002df 9370 0203 	STS  __seed_G101+3,R23
0002e1 01fb      	movw r30,r22
0002e2 77ff      	andi r31,0x7F
0002e3 9508      	RET
                 ; .FEND
                 
                 	.CSEG
                 
                 	.CSEG
                 _strlen:
                 ; .FSTART _strlen
0002e4 93ba      	ST   -Y,R27
0002e5 93aa      	ST   -Y,R26
0002e6 91a9          ld   r26,y+
0002e7 91b9          ld   r27,y+
0002e8 27ee          clr  r30
0002e9 27ff          clr  r31
                 strlen0:
0002ea 916d          ld   r22,x+
0002eb 2366          tst  r22
0002ec f011          breq strlen1
0002ed 9631          adiw r30,1
0002ee cffb          rjmp strlen0
                 strlen1:
0002ef 9508          ret
                 ; .FEND
                 _strlenf:
                 ; .FSTART _strlenf
0002f0 93ba      	ST   -Y,R27
0002f1 93aa      	ST   -Y,R26
0002f2 27aa          clr  r26
0002f3 27bb          clr  r27
0002f4 91e9          ld   r30,y+
0002f5 91f9          ld   r31,y+
                 strlenf0:
0002f6 9005      	lpm  r0,z+
0002f7 2000          tst  r0
0002f8 f011          breq strlenf1
0002f9 9611          adiw r26,1
0002fa cffb          rjmp strlenf0
                 strlenf1:
0002fb 01fd          movw r30,r26
0002fc 9508          ret
                 ; .FEND
                 
                 	.CSEG
                 
                 	.DSEG
                 __seed_G101:
000200           	.BYTE 0x4
                 
                 	.CSEG
                 ;OPTIMIZER ADDED SUBROUTINE, CALLED 2 TIMES, CODE SIZE REDUCTION:3 WORDS
                 SUBOPT_0x0:
0002fd dfca      	RCALL _rand
0002fe 01df      	MOVW R26,R30
0002ff e4e6      	LDI  R30,LOW(70)
000300 e0f0      	LDI  R31,HIGH(70)
000301 d064      	RCALL __MODW21
000302 2f4e      	MOV  R20,R30
000303 9508      	RET
                 
                 ;OPTIMIZER ADDED SUBROUTINE, CALLED 5 TIMES, CODE SIZE REDUCTION:18 WORDS
                 SUBOPT_0x1:
000304 932a      	ST   -Y,R18
000305 85ad      	LDD  R26,Y+13
000306 85be      	LDD  R27,Y+13+1
000307 85ef      	LDD  R30,Y+15
000308 89f8      	LDD  R31,Y+15+1
000309 9509      	ICALL
00030a 9508      	RET
                 
                 ;OPTIMIZER ADDED SUBROUTINE, CALLED 5 TIMES, CODE SIZE REDUCTION:14 WORDS
                 SUBOPT_0x2:
00030b 89e8      	LDD  R30,Y+16
00030c 89f9      	LDD  R31,Y+16+1
00030d 9734      	SBIW R30,4
00030e 8be8      	STD  Y+16,R30
00030f 8bf9      	STD  Y+16+1,R31
000310 9508      	RET
                 
                 ;OPTIMIZER ADDED SUBROUTINE, CALLED 3 TIMES, CODE SIZE REDUCTION:6 WORDS
                 SUBOPT_0x3:
000311 85ad      	LDD  R26,Y+13
000312 85be      	LDD  R27,Y+13+1
000313 85ef      	LDD  R30,Y+15
000314 89f8      	LDD  R31,Y+15+1
000315 9509      	ICALL
000316 9508      	RET
                 
                 ;OPTIMIZER ADDED SUBROUTINE, CALLED 2 TIMES, CODE SIZE REDUCTION:6 WORDS
                 SUBOPT_0x4:
000317 89a8      	LDD  R26,Y+16
000318 89b9      	LDD  R27,Y+16+1
000319 9614      	ADIW R26,4
00031a 91ed      	LD   R30,X+
00031b 91fd      	LD   R31,X+
00031c 83ee      	STD  Y+6,R30
00031d 83ff      	STD  Y+6+1,R31
00031e 81ae      	LDD  R26,Y+6
00031f 81bf      	LDD  R27,Y+6+1
000320 9508      	RET
                 
                 ;RUNTIME LIBRARY
                 
                 	.CSEG
                 __SAVELOCR6:
000321 935a      	ST   -Y,R21
                 __SAVELOCR5:
000322 934a      	ST   -Y,R20
                 __SAVELOCR4:
000323 933a      	ST   -Y,R19
                 __SAVELOCR3:
000324 932a      	ST   -Y,R18
                 __SAVELOCR2:
000325 931a      	ST   -Y,R17
000326 930a      	ST   -Y,R16
000327 9508      	RET
                 
                 __LOADLOCR6:
000328 815d      	LDD  R21,Y+5
                 __LOADLOCR5:
000329 814c      	LDD  R20,Y+4
                 __LOADLOCR4:
00032a 813b      	LDD  R19,Y+3
                 __LOADLOCR3:
00032b 812a      	LDD  R18,Y+2
                 __LOADLOCR2:
00032c 8119      	LDD  R17,Y+1
00032d 8108      	LD   R16,Y
00032e 9508      	RET
                 
                 __ANEGW1:
00032f 95f1      	NEG  R31
000330 95e1      	NEG  R30
000331 40f0      	SBCI R31,0
000332 9508      	RET
                 
                 __MULD12U:
000333 9f7a      	MUL  R23,R26
000334 2d70      	MOV  R23,R0
000335 9f6b      	MUL  R22,R27
000336 0d70      	ADD  R23,R0
000337 9ff8      	MUL  R31,R24
000338 0d70      	ADD  R23,R0
000339 9fe9      	MUL  R30,R25
00033a 0d70      	ADD  R23,R0
00033b 9f6a      	MUL  R22,R26
00033c 2d60      	MOV  R22,R0
00033d 0d71      	ADD  R23,R1
00033e 9ffb      	MUL  R31,R27
00033f 0d60      	ADD  R22,R0
000340 1d71      	ADC  R23,R1
000341 9fe8      	MUL  R30,R24
000342 0d60      	ADD  R22,R0
000343 1d71      	ADC  R23,R1
000344 2788      	CLR  R24
000345 9ffa      	MUL  R31,R26
000346 2df0      	MOV  R31,R0
000347 0d61      	ADD  R22,R1
000348 1f78      	ADC  R23,R24
000349 9feb      	MUL  R30,R27
00034a 0df0      	ADD  R31,R0
00034b 1d61      	ADC  R22,R1
00034c 1f78      	ADC  R23,R24
00034d 9fea      	MUL  R30,R26
00034e 2de0      	MOV  R30,R0
00034f 0df1      	ADD  R31,R1
000350 1f68      	ADC  R22,R24
000351 1f78      	ADC  R23,R24
000352 9508      	RET
                 
                 __DIVW21U:
000353 2400      	CLR  R0
000354 2411      	CLR  R1
000355 e190      	LDI  R25,16
                 __DIVW21U1:
000356 0faa      	LSL  R26
000357 1fbb      	ROL  R27
000358 1c00      	ROL  R0
000359 1c11      	ROL  R1
00035a 1a0e      	SUB  R0,R30
00035b 0a1f      	SBC  R1,R31
00035c f418      	BRCC __DIVW21U2
00035d 0e0e      	ADD  R0,R30
00035e 1e1f      	ADC  R1,R31
00035f c001      	RJMP __DIVW21U3
                 __DIVW21U2:
000360 60a1      	SBR  R26,1
                 __DIVW21U3:
000361 959a      	DEC  R25
000362 f799      	BRNE __DIVW21U1
000363 01fd      	MOVW R30,R26
000364 01d0      	MOVW R26,R0
000365 9508      	RET
                 
                 __MODW21:
000366 94e8      	CLT
000367 ffb7      	SBRS R27,7
000368 c004      	RJMP __MODW211
000369 95b1      	NEG  R27
00036a 95a1      	NEG  R26
00036b 40b0      	SBCI R27,0
00036c 9468      	SET
                 __MODW211:
00036d fdf7      	SBRC R31,7
00036e dfc0      	RCALL __ANEGW1
00036f dfe3      	RCALL __DIVW21U
000370 01fd      	MOVW R30,R26
000371 f40e      	BRTC __MODW212
000372 dfbc      	RCALL __ANEGW1
                 __MODW212:
000373 9508      	RET
                 
                 __GETW1PF:
000374 9005      	LPM  R0,Z+
000375 91f4      	LPM  R31,Z
000376 2de0      	MOV  R30,R0
000377 9508      	RET
                 
                 __PUTPARD1:
000378 937a      	ST   -Y,R23
000379 936a      	ST   -Y,R22
00037a 93fa      	ST   -Y,R31
00037b 93ea      	ST   -Y,R30
00037c 9508      	RET
                 
                 _delay_ms:
00037d 9610      	adiw r26,0
00037e f039      	breq __delay_ms1
                 __delay_ms0:
00037f 95a8      	wdr
                +
000380 e888     +LDI R24 , LOW ( 0x1388 )
000381 e193     +LDI R25 , HIGH ( 0x1388 )
                +__DELAY_USW_LOOP :
000382 9701     +SBIW R24 , 1
000383 f7f1     +BRNE __DELAY_USW_LOOP
                 	__DELAY_USW 0x1388
000384 9711      	sbiw r26,1
000385 f7c9      	brne __delay_ms0
                 __delay_ms1:
000386 9508      	ret
                 
                 ;END OF CODE MARKER
                 __END_OF_CODE:


RESOURCE USE INFORMATION
------------------------

Notice:
The register and instruction counts are symbol table hit counts,
and hence implicitly used resources are not counted, eg, the
'lpm' instruction without operands implicitly uses r0 and z,
none of which are counted.

x,y,z are separate entities in the symbol table and are
counted separately from r26..r31 here.

.dseg memory usage only counts static data declared with .byte

ATmega164A register use summary:
r0 :  28 r1 :  11 r2 :   0 r3 :   0 r4 :   0 r5 :   0 r6 :   0 r7 :   0 
r8 :   0 r9 :   0 r10:   0 r11:   0 r12:   0 r13:   0 r14:   0 r15:   5 
r16:  38 r17:  29 r18:  31 r19:  11 r20:  13 r21:  20 r22:  20 r23:  18 
r24:  21 r25:   7 r26:  71 r27:  38 r28:  10 r29:   1 r30: 200 r31:  65 
x  :  21 y  : 127 z  :  13 
Registers used: 22 out of 35 (62.9%)

ATmega164A instruction use summary:
.lds  :   0 .lds.l:   0 .sts  :   0 .sts.l:   0 adc   :  10 add   :  13 
adiw  :  16 and   :   0 andi  :   7 asr   :   0 bclr  :   0 bld   :   0 
brbc  :   0 brbs  :   0 brcc  :   1 brcs  :   0 break :   0 breq  :  15 
brge  :   0 brhc  :   0 brhs  :   0 brid  :   0 brie  :   0 brlo  :   6 
brlt  :   0 brmi  :   0 brne  :  26 brpl  :   1 brsh  :   2 brtc  :   1 
brts  :   0 brvc  :   0 brvs  :   0 bset  :   0 bst   :   0 call  :   0 
cbi   :   2 cbr   :   0 clc   :   0 clh   :   0 cli   :   1 cln   :   0 
clr   :  18 cls   :   0 clt   :   1 clv   :   0 clz   :   0 com   :   0 
cp    :   3 cpc   :   1 cpi   :  31 cpse  :   0 dec   :   3 des   :   0 
eor   :   0 fmul  :   0 fmuls :   0 fmulsu:   0 icall :   2 ijmp  :   0 
in    :   0 inc   :   0 jmp   :  33 ld    :  22 ldd   :  56 ldi   :  89 
lds   :  10 lpm   :  14 lsl   :   1 lsr   :   0 mov   :  21 movw  :  21 
mul   :  11 muls  :   0 mulsu :   0 neg   :   4 nop   :   0 or    :   0 
ori   :   9 out   :  22 pop   :   1 push  :   1 rcall :  46 ret   :  23 
reti  :   0 rjmp  :  54 rol   :   3 ror   :   0 sbc   :   2 sbci  :   5 
sbi   :   2 sbic  :   1 sbis  :   0 sbiw  :  12 sbr   :   1 sbrc  :   3 
sbrs  :  11 sec   :   0 seh   :   0 sei   :   0 sen   :   0 ser   :   0 
ses   :   0 set   :   1 sev   :   0 sez   :   0 sleep :   0 spm   :   0 
st    :  41 std   :  30 sts   :  43 sub   :   2 subi  :  15 swap  :   0 
tst   :   3 wdr   :   1 
Instructions used: 55 out of 116 (47.4%)

ATmega164A memory use summary [bytes]:
Segment   Begin    End      Code   Data   Used    Size   Use%
---------------------------------------------------------------
[.cseg] 0x000000 0x00070e   1716     90   1806   16384  11.0%
[.dseg] 0x000100 0x000204      0      4      4    1024   0.4%
[.eseg] 0x000000 0x000000      0      0      0     512   0.0%

Assembly complete, 0 errors, 2 warnings
